     1 24 Nov 2024 16 00 03 +0000
      1 24 Nov 2024 16 00 07 +0000
      1 24 Nov 2024 16 00 10 +0000
      1 24 Nov 2024 16 00 12 +0000
      1 24 Nov 2024 16 00 15 +0000
      1 24 Nov 2024 16 00 21 +0000
      1 24 Nov 2024 16 00 23 +0000
      1 24 Nov 2024 16 00 25 +0000
      1 24 Nov 2024 16 00 27 +0000
      1 24 Nov 2024 16 00 30 +0000
      1 24 Nov 2024 16 00 36 +0000
      1 24 Nov 2024 16 00 38 +0000
      1 24 Nov 2024 16 00 40 +0000
      1 24 Nov 2024 16 00 42 +0000
      1 24 Nov 2024 16 00 46 +0000
      1 24 Nov 2024 16 00 51 +0000
      1 24 Nov 2024 16 00 54 +0000
      1 24 Nov 2024 16 00 57 +0000
      1 24 Nov 2024 16 00 59 +0000
      1 24 Nov 2024 16 01 03 +0000
      1 24 Nov 2024 16 01 07 +0000
      1 24 Nov 2024 16 01 10 +0000
      1 24 Nov 2024 16 01 12 +0000
      1 24 Nov 2024 16 01 15 +0000
      1 24 Nov 2024 16 01 21 +0000
      1 24 Nov 2024 16 01 23 +0000
      1 24 Nov 2024 16 01 25 +0000
      1 24 Nov 2024 16 01 27 +0000
      1 24 Nov 2024 16 01 30 +0000
      1 24 Nov 2024 16 01 36 +0000
      1 24 Nov 2024 16 01 38 +0000
      1 24 Nov 2024 16 01 40 +0000
      1 24 Nov 2024 16 01 42 +0000
      1 24 Nov 2024 16 01 46 +0000
      1 24 Nov 2024 16 01 51 +0000
      1 24 Nov 2024 16 01 54 +0000
      1 24 Nov 2024 16 01 57 +0000
      1 24 Nov 2024 16 01 59 +0000
      1 24 Nov 2024 16 02 03 +0000
      1 24 Nov 2024 16 02 07 +0000
      1 24 Nov 2024 16 02 10 +0000
      1 24 Nov 2024 16 02 12 +0000
      1 24 Nov 2024 16 02 15 +0000
      1 24 Nov 2024 16 02 21 +0000
      1 24 Nov 2024 16 02 24 +0000
      2 24 Nov 2024 16 02 27 +0000
      1 24 Nov 2024 16 02 31 +0000
      1 24 Nov 2024 16 02 36 +0000
      1 24 Nov 2024 16 02 39 +0000
      1 24 Nov 2024 16 02 42 +0000
      1 24 Nov 2024 16 02 44 +0000
      1 24 Nov 2024 16 02 48 +0000
      1 24 Nov 2024 16 02 53 +0000
      1 24 Nov 2024 16 02 55 +0000
      1 24 Nov 2024 16 02 57 +0000
      1 24 Nov 2024 16 03 01 +0000
      1 24 Nov 2024 16 03 06 +0000
      1 24 Nov 2024 16 03 07 +0000
      1 24 Nov 2024 16 03 10 +0000
      1 24 Nov 2024 16 03 12 +0000
      1 24 Nov 2024 16 03 14 +0000
      1 24 Nov 2024 16 03 15 +0000
      1 24 Nov 2024 16 03 16 +0000
      1 24 Nov 2024 16 03 17 +0000
      1 24 Nov 2024 16 03 18 +0000
      1 24 Nov 2024 16 03 19 +0000
      1 24 Nov 2024 16 03 20 +0000
      1 24 Nov 2024 16 03 21 +0000
      1 24 Nov 2024 16 03 23 +0000
      1 24 Nov 2024 16 03 25 +0000
      1 24 Nov 2024 16 03 27 +0000
      1 24 Nov 2024 16 03 30 +0000
      1 24 Nov 2024 16 03 36 +0000
      1 24 Nov 2024 16 03 38 +0000
      1 24 Nov 2024 16 03 40 +0000
      1 24 Nov 2024 16 03 42 +0000
      1 24 Nov 2024 16 03 46 +0000
      1 24 Nov 2024 16 03 51 +0000
      1 24 Nov 2024 16 03 52 +0000
      1 24 Nov 2024 16 03 53 +0000
      6 24 Nov 2024 16 03 54 +0000
      4 24 Nov 2024 16 03 55 +0000
      1 24 Nov 2024 16 03 57 +0000
      1 24 Nov 2024 16 04 00 +0000
      1 24 Nov 2024 16 04 06 +0000
      1 24 Nov 2024 16 04 08 +0000
      1 24 Nov 2024 16 04 10 +0000
      1 24 Nov 2024 16 04 12 +0000
      1 24 Nov 2024 16 04 16 +0000
      1 24 Nov 2024 16 04 21 +0000
      1 24 Nov 2024 16 04 24 +0000
      2 24 Nov 2024 16 04 27 +0000
      1 24 Nov 2024 16 04 31 +0000
      1 24 Nov 2024 16 04 32 +0000
      1 24 Nov 2024 16 04 36 +0000
      3 24 Nov 2024 16 04 37 +0000
      1 24 Nov 2024 16 04 40 +0000
      1 24 Nov 2024 16 04 42 +0000
      1 24 Nov 2024 16 04 43 +0000
      1 24 Nov 2024 16 04 44 +0000
      1 24 Nov 2024 16 04 48 +0000
      1 24 Nov 2024 16 04 52 +0000
      1 24 Nov 2024 16 04 55 +0000
      1 24 Nov 2024 16 04 57 +0000
      1 24 Nov 2024 16 05 00 +0000
      1 24 Nov 2024 16 05 06 +0000
      1 24 Nov 2024 16 05 08 +0000
      1 24 Nov 2024 16 05 10 +0000
      1 24 Nov 2024 16 05 12 +0000
      1 24 Nov 2024 16 05 14 +0000
      1 24 Nov 2024 16 05 18 +0000
      1 24 Nov 2024 16 05 22 +0000
      1 24 Nov 2024 16 05 25 +0000
      1 24 Nov 2024 16 05 27 +0000
      1 24 Nov 2024 16 05 29 +0000
      1 24 Nov 2024 16 05 33 +0000
      1 24 Nov 2024 16 05 38 +0000
      1 24 Nov 2024 16 05 40 +0000
      1 24 Nov 2024 16 05 42 +0000
      1 24 Nov 2024 16 05 46 +0000
      1 24 Nov 2024 16 05 51 +0000
      1 24 Nov 2024 16 05 54 +0000
      1 24 Nov 2024 16 05 57 +0000
      1 24 Nov 2024 16 05 59 +0000
      1 24 Nov 2024 16 06 03 +0000
      1 24 Nov 2024 16 06 07 +0000
      1 24 Nov 2024 16 06 10 +0000
      1 24 Nov 2024 16 06 12 +0000
      1 24 Nov 2024 16 06 15 +0000
      1 24 Nov 2024 16 06 18 +0000
      1 24 Nov 2024 16 06 21 +0000
      1 24 Nov 2024 16 06 23 +0000
      1 24 Nov 2024 16 06 25 +0000
      2 24 Nov 2024 16 06 27 +0000
      1 24 Nov 2024 16 06 31 +0000
      1 24 Nov 2024 16 06 36 +0000
      1 24 Nov 2024 16 06 39 +0000
      1 24 Nov 2024 16 06 42 +0000
      1 24 Nov 2024 16 06 44 +0000
      1 24 Nov 2024 16 06 48 +0000
      1 24 Nov 2024 16 06 52 +0000
      1 24 Nov 2024 16 06 55 +0000
      1 24 Nov 2024 16 06 57 +0000
      1 24 Nov 2024 16 07 00 +0000
      1 24 Nov 2024 16 07 06 +0000
      1 24 Nov 2024 16 07 07 +0000
      1 24 Nov 2024 16 07 10 +0000
      1 24 Nov 2024 16 07 12 +0000
      1 24 Nov 2024 16 07 15 +0000
      1 24 Nov 2024 16 07 21 +0000
      1 24 Nov 2024 16 07 23 +0000
      1 24 Nov 2024 16 07 25 +0000
      1 24 Nov 2024 16 07 27 +0000
      1 24 Nov 2024 16 07 30 +0000
      1 24 Nov 2024 16 07 36 +0000
      1 24 Nov 2024 16 07 38 +0000
      1 24 Nov 2024 16 07 40 +0000
      1 24 Nov 2024 16 07 42 +0000
      1 24 Nov 2024 16 07 46 +0000
      1 24 Nov 2024 16 07 51 +0000
      1 24 Nov 2024 16 07 54 +0000
      2 24 Nov 2024 16 07 57 +0000
      1 24 Nov 2024 16 08 01 +0000
      1 24 Nov 2024 16 08 06 +0000
      1 24 Nov 2024 16 08 09 +0000
      1 24 Nov 2024 16 08 12 +0000
      1 24 Nov 2024 16 08 14 +0000
      1 24 Nov 2024 16 08 18 +0000
      1 24 Nov 2024 16 08 22 +0000
      1 24 Nov 2024 16 08 25 +0000
      1 24 Nov 2024 16 08 27 +0000
      1 24 Nov 2024 16 08 29 +0000
      1 24 Nov 2024 16 08 33 +0000
      1 24 Nov 2024 16 08 37 +0000
      1 24 Nov 2024 16 08 40 +0000
      1 24 Nov 2024 16 08 42 +0000
      1 24 Nov 2024 16 08 45 +0000
      1 24 Nov 2024 16 08 48 +0000
      1 24 Nov 2024 16 08 52 +0000
      1 24 Nov 2024 16 08 55 +0000
      1 24 Nov 2024 16 08 57 +0000
      1 24 Nov 2024 16 09 00 +0000
      1 24 Nov 2024 16 09 06 +0000
      1 24 Nov 2024 16 09 08 +0000
      1 24 Nov 2024 16 09 10 +0000
      1 24 Nov 2024 16 09 12 +0000
      1 24 Nov 2024 16 09 16 +0000
      1 24 Nov 2024 16 09 21 +0000
      1 24 Nov 2024 16 09 24 +0000
      1 24 Nov 2024 16 09 27 +0000
      1 24 Nov 2024 16 09 29 +0000
      1 24 Nov 2024 16 09 33 +0000
      1 24 Nov 2024 16 09 37 +0000
      1 24 Nov 2024 16 09 39 +0000
      1 24 Nov 2024 16 09 42 +0000
      1 24 Nov 2024 16 09 44 +0000
      1 24 Nov 2024 16 09 48 +0000
      1 24 Nov 2024 16 09 52 +0000
      1 24 Nov 2024 16 09 55 +0000
      1 24 Nov 2024 16 09 57 +0000
      1 24 Nov 2024 16 10 00 +0000
      1 24 Nov 2024 16 10 06 +0000
      1 24 Nov 2024 16 10 08 +0000
      1 24 Nov 2024 16 10 10 +0000
      1 24 Nov 2024 16 10 12 +0000
      1 24 Nov 2024 16 10 16 +0000
      1 24 Nov 2024 16 10 21 +0000
      1 24 Nov 2024 16 10 24 +0000
      2 24 Nov 2024 16 10 27 +0000
      1 24 Nov 2024 16 10 30 +0000
      1 24 Nov 2024 16 10 36 +0000
      1 24 Nov 2024 16 10 38 +0000
      1 24 Nov 2024 16 10 40 +0000
      1 24 Nov 2024 16 10 42 +0000
      1 24 Nov 2024 16 10 46 +0000
      1 24 Nov 2024 16 10 51 +0000
      1 24 Nov 2024 16 10 54 +0000
      1 24 Nov 2024 16 10 57 +0000
      1 24 Nov 2024 16 10 59 +0000
      1 24 Nov 2024 16 11 03 +0000
      1 24 Nov 2024 16 11 07 +0000
      1 24 Nov 2024 16 11 10 +0000
      1 24 Nov 2024 16 11 12 +0000
      1 24 Nov 2024 16 11 15 +0000
      1 24 Nov 2024 16 11 18 +0000
      1 24 Nov 2024 16 11 22 +0000
      1 24 Nov 2024 16 11 25 +0000
      1 24 Nov 2024 16 11 27 +0000
      1 24 Nov 2024 16 11 30 +0000
      1 24 Nov 2024 16 11 36 +0000
      1 24 Nov 2024 16 11 38 +0000
      1 24 Nov 2024 16 11 40 +0000
      1 24 Nov 2024 16 11 42 +0000
      1 24 Nov 2024 16 11 46 +0000
      1 24 Nov 2024 16 11 51 +0000
      1 24 Nov 2024 16 11 54 +0000
      1 24 Nov 2024 16 11 57 +0000
      1 24 Nov 2024 16 11 59 +0000
      1 24 Nov 2024 16 12 03 +0000
      1 24 Nov 2024 16 12 07 +0000
      1 24 Nov 2024 16 12 09 +0000
      1 24 Nov 2024 16 12 12 +0000
      1 24 Nov 2024 16 12 14 +0000
      1 24 Nov 2024 16 12 18 +0000
      1 24 Nov 2024 16 12 22 +0000
      1 24 Nov 2024 16 12 25 +0000
      1 24 Nov 2024 16 12 27 +0000
      1 24 Nov 2024 16 12 29 +0000
      1 24 Nov 2024 16 12 33 +0000
      1 24 Nov 2024 16 12 37 +0000
      1 24 Nov 2024 16 12 40 +0000
      1 24 Nov 2024 16 12 42 +0000
      1 24 Nov 2024 16 12 45 +0000
      1 24 Nov 2024 16 12 51 +0000
      1 24 Nov 2024 16 12 53 +0000
      1 24 Nov 2024 16 12 55 +0000
      1 24 Nov 2024 16 12 57 +0000
      1 24 Nov 2024 16 13 00 +0000
      2 24 Nov 2024 16 13 06 +0000
      1 24 Nov 2024 16 13 09 +0000
      1 24 Nov 2024 16 13 12 +0000
      1 24 Nov 2024 16 13 14 +0000
      1 24 Nov 2024 16 13 18 +0000
      1 24 Nov 2024 16 13 22 +0000
      1 24 Nov 2024 16 13 25 +0000
      1 24 Nov 2024 16 13 27 +0000
      1 24 Nov 2024 16 13 29 +0000
      1 24 Nov 2024 16 13 36 +0000
      1 24 Nov 2024 16 13 38 +0000
      1 24 Nov 2024 16 13 40 +0000
      1 24 Nov 2024 16 13 42 +0000
      1 24 Nov 2024 16 13 46 +0000
      1 24 Nov 2024 16 13 51 +0000
      1 24 Nov 2024 16 13 53 +0000
      1 24 Nov 2024 16 13 54 +0000
      1 24 Nov 2024 16 13 55 +0000
      1 24 Nov 2024 16 13 57 +0000
      1 24 Nov 2024 16 14 00 +0000
      1 24 Nov 2024 16 14 03 +0000
      1 24 Nov 2024 16 14 07 +0000
      1 24 Nov 2024 16 14 10 +0000
      1 24 Nov 2024 16 14 12 +0000
      2 24 Nov 2024 16 14 13 +0000
      1 24 Nov 2024 16 14 16 +0000
      1 24 Nov 2024 16 14 17 +0000
      1 24 Nov 2024 16 14 18 +0000
      2 24 Nov 2024 16 14 21 +0000
      1 24 Nov 2024 16 14 22 +0000
      1 24 Nov 2024 16 14 25 +0000
      1 24 Nov 2024 16 14 27 +0000
      1 24 Nov 2024 16 14 29 +0000
      1 24 Nov 2024 16 14 33 +0000
      1 24 Nov 2024 16 14 37 +0000
      1 24 Nov 2024 16 14 39 +0000
      1 24 Nov 2024 16 14 42 +0000
      1 24 Nov 2024 16 14 44 +0000
      1 24 Nov 2024 16 14 48 +0000
      3 24 Nov 2024 16 14 51 +0000
      2 24 Nov 2024 16 14 52 +0000
      1 24 Nov 2024 16 14 55 +0000
      1 24 Nov 2024 16 14 57 +0000
      1 24 Nov 2024 16 15 00 +0000
      1 24 Nov 2024 16 15 06 +0000
      1 24 Nov 2024 16 15 08 +0000
      1 24 Nov 2024 16 15 10 +0000
      1 24 Nov 2024 16 15 12 +0000
      1 24 Nov 2024 16 15 16 +0000
      1 24 Nov 2024 16 15 21 +0000
      1 24 Nov 2024 16 15 24 +0000
      1 24 Nov 2024 16 15 27 +0000
      1 24 Nov 2024 16 15 29 +0000
      1 24 Nov 2024 16 15 31 +0000
      1 24 Nov 2024 16 15 36 +0000
      1 24 Nov 2024 16 15 39 +0000
      1 24 Nov 2024 16 15 42 +0000
      1 24 Nov 2024 16 15 44 +0000
      1 24 Nov 2024 16 15 45 +0000
      1 24 Nov 2024 16 15 51 +0000
      1 24 Nov 2024 16 15 53 +0000
      1 24 Nov 2024 16 15 55 +0000
      1 24 Nov 2024 16 15 57 +0000
      1 24 Nov 2024 16 16 01 +0000
      1 24 Nov 2024 16 16 06 +0000
      1 24 Nov 2024 16 16 09 +0000
      1 24 Nov 2024 16 16 12 +0000
      1 24 Nov 2024 16 16 14 +0000
      1 24 Nov 2024 16 16 18 +0000
      1 24 Nov 2024 16 16 22 +0000
      1 24 Nov 2024 16 16 24 +0000
      2 24 Nov 2024 16 16 27 +0000
      1 24 Nov 2024 16 16 31 +0000
      1 24 Nov 2024 16 16 36 +0000
      1 24 Nov 2024 16 16 39 +0000
      1 24 Nov 2024 16 16 42 +0000
      1 24 Nov 2024 16 16 44 +0000
      1 24 Nov 2024 16 16 48 +0000
      1 24 Nov 2024 16 16 52 +0000
      1 24 Nov 2024 16 16 55 +0000
      1 24 Nov 2024 16 16 57 +0000
      1 24 Nov 2024 16 17 00 +0000
      1 24 Nov 2024 16 17 06 +0000
      1 24 Nov 2024 16 17 08 +0000
      1 24 Nov 2024 16 17 10 +0000
      1 24 Nov 2024 16 17 12 +0000
      1 24 Nov 2024 16 17 16 +0000
      1 24 Nov 2024 16 17 21 +0000
      1 24 Nov 2024 16 17 24 +0000
      2 24 Nov 2024 16 17 27 +0000
      1 24 Nov 2024 16 17 31 +0000
      1 24 Nov 2024 16 17 36 +0000
      1 24 Nov 2024 16 17 39 +0000
      1 24 Nov 2024 16 17 42 +0000
      1 24 Nov 2024 16 17 44 +0000
      1 24 Nov 2024 16 17 48 +0000
      1 24 Nov 2024 16 17 52 +0000
      1 24 Nov 2024 16 17 55 +0000
      1 24 Nov 2024 16 17 57 +0000
      1 24 Nov 2024 16 18 00 +0000
      1 24 Nov 2024 16 18 06 +0000
      1 24 Nov 2024 16 18 08 +0000
      1 24 Nov 2024 16 18 10 +0000
      1 24 Nov 2024 16 18 12 +0000
      1 24 Nov 2024 16 18 16 +0000
      1 24 Nov 2024 16 18 21 +0000
      1 24 Nov 2024 16 18 24 +0000
      1 24 Nov 2024 16 18 25 +0000
      1 24 Nov 2024 16 18 27 +0000
      1 24 Nov 2024 16 18 30 +0000
      1 24 Nov 2024 16 18 36 +0000
      1 24 Nov 2024 16 18 38 +0000
      1 24 Nov 2024 16 18 40 +0000
      1 24 Nov 2024 16 18 42 +0000
      1 24 Nov 2024 16 18 46 +0000
      1 24 Nov 2024 16 18 51 +0000
      1 24 Nov 2024 16 18 54 +0000
      1 24 Nov 2024 16 18 57 +0000
      1 24 Nov 2024 16 18 59 +0000
      1 24 Nov 2024 16 19 03 +0000
      1 24 Nov 2024 16 19 08 +0000
      1 24 Nov 2024 16 19 10 +0000
      1 24 Nov 2024 16 19 12 +0000
      1 24 Nov 2024 16 19 14 +0000
      1 24 Nov 2024 16 19 18 +0000
      1 24 Nov 2024 16 19 22 +0000
      1 24 Nov 2024 16 19 24 +0000
      1 24 Nov 2024 16 19 26 +0000
      1 24 Nov 2024 16 19 27 +0000
      1 24 Nov 2024 16 19 31 +0000
      1 24 Nov 2024 16 19 36 +0000
      1 24 Nov 2024 16 19 39 +0000
      1 24 Nov 2024 16 19 42 +0000
      1 24 Nov 2024 16 19 44 +0000
      1 24 Nov 2024 16 19 48 +0000
      1 24 Nov 2024 16 19 52 +0000
      1 24 Nov 2024 16 19 55 +0000
      1 24 Nov 2024 16 19 57 +0000
      1 24 Nov 2024 16 20 00 +0000
      1 24 Nov 2024 16 20 06 +0000
      1 24 Nov 2024 16 20 08 +0000
      1 24 Nov 2024 16 20 10 +0000
      1 24 Nov 2024 16 20 12 +0000
      1 24 Nov 2024 16 20 16 +0000
      1 24 Nov 2024 16 20 21 +0000
      1 24 Nov 2024 16 20 23 +0000
      1 24 Nov 2024 16 20 25 +0000
      1 24 Nov 2024 16 20 27 +0000
      1 24 Nov 2024 16 20 31 +0000
      1 24 Nov 2024 16 20 36 +0000
      1 24 Nov 2024 16 20 39 +0000
      1 24 Nov 2024 16 20 42 +0000
      1 24 Nov 2024 16 20 44 +0000
      1 24 Nov 2024 16 20 48 +0000
      1 24 Nov 2024 16 20 52 +0000
      1 24 Nov 2024 16 20 55 +0000
      1 24 Nov 2024 16 20 57 +0000
      1 24 Nov 2024 16 21 00 +0000
      1 24 Nov 2024 16 21 06 +0000
      1 24 Nov 2024 16 21 08 +0000
      1 24 Nov 2024 16 21 10 +0000
      1 24 Nov 2024 16 21 12 +0000
      1 24 Nov 2024 16 21 16 +0000
      1 24 Nov 2024 16 21 21 +0000
      1 24 Nov 2024 16 21 24 +0000
      1 24 Nov 2024 16 21 27 +0000
      1 24 Nov 2024 16 21 29 +0000
      1 24 Nov 2024 16 21 33 +0000
      1 24 Nov 2024 16 21 37 +0000
      1 24 Nov 2024 16 21 40 +0000
      1 24 Nov 2024 16 21 42 +0000
      1 24 Nov 2024 16 21 45 +0000
      1 24 Nov 2024 16 21 51 +0000
      1 24 Nov 2024 16 21 53 +0000
      1 24 Nov 2024 16 21 55 +0000
      1 24 Nov 2024 16 21 57 +0000
      1 24 Nov 2024 16 22 03 +0000
      1 24 Nov 2024 16 22 07 +0000
      1 24 Nov 2024 16 22 10 +0000
      1 24 Nov 2024 16 22 12 +0000
      1 24 Nov 2024 16 22 15 +0000
      1 24 Nov 2024 16 22 21 +0000
      1 24 Nov 2024 16 22 23 +0000
      2 24 Nov 2024 16 22 25 +0000
      1 24 Nov 2024 16 22 27 +0000
      1 24 Nov 2024 16 22 31 +0000
      1 24 Nov 2024 16 22 36 +0000
      1 24 Nov 2024 16 22 39 +0000
      1 24 Nov 2024 16 22 41 +0000
      1 24 Nov 2024 16 22 44 +0000
      1 24 Nov 2024 16 22 48 +0000
      1 24 Nov 2024 16 22 52 +0000
      1 24 Nov 2024 16 22 55 +0000
      1 24 Nov 2024 16 22 57 +0000
      1 24 Nov 2024 16 22 59 +0000
      1 24 Nov 2024 16 23 03 +0000
      1 24 Nov 2024 16 23 07 +0000
      1 24 Nov 2024 16 23 10 +0000
      1 24 Nov 2024 16 23 12 +0000
      1 24 Nov 2024 16 23 15 +0000
      1 24 Nov 2024 16 23 21 +0000
      1 24 Nov 2024 16 23 23 +0000
      1 24 Nov 2024 16 23 25 +0000
      1 24 Nov 2024 16 23 27 +0000
      1 24 Nov 2024 16 23 31 +0000
      1 24 Nov 2024 16 23 36 +0000
      1 24 Nov 2024 16 23 39 +0000
      1 24 Nov 2024 16 23 42 +0000
      1 24 Nov 2024 16 23 45 +0000
      1 24 Nov 2024 16 23 51 +0000
      1 24 Nov 2024 16 23 53 +0000
      1 24 Nov 2024 16 23 55 +0000
      1 24 Nov 2024 16 23 57 +0000
      1 24 Nov 2024 16 24 01 +0000
      1 24 Nov 2024 16 24 06 +0000
      1 24 Nov 2024 16 24 09 +0000
      1 24 Nov 2024 16 24 12 +0000
      1 24 Nov 2024 16 24 14 +0000
      1 24 Nov 2024 16 24 18 +0000
      1 24 Nov 2024 16 24 21 +0000
      1 24 Nov 2024 16 24 24 +0000
      1 24 Nov 2024 16 24 27 +0000
      1 24 Nov 2024 16 24 29 +0000
      1 24 Nov 2024 16 24 33 +0000
      1 24 Nov 2024 16 24 37 +0000
      1 24 Nov 2024 16 24 40 +0000
      1 24 Nov 2024 16 24 42 +0000
      1 24 Nov 2024 16 24 45 +0000
      1 24 Nov 2024 16 24 51 +0000
      1 24 Nov 2024 16 24 53 +0000
      1 24 Nov 2024 16 24 55 +0000
      1 24 Nov 2024 16 24 57 +0000
      1 24 Nov 2024 16 25 01 +0000
      1 24 Nov 2024 16 25 06 +0000
      1 24 Nov 2024 16 25 09 +0000
      1 24 Nov 2024 16 25 12 +0000
      1 24 Nov 2024 16 25 14 +0000
      1 24 Nov 2024 16 25 18 +0000
      1 24 Nov 2024 16 25 21 +0000
      1 24 Nov 2024 16 25 24 +0000
      1 24 Nov 2024 16 25 27 +0000
      1 24 Nov 2024 16 25 29 +0000
      1 24 Nov 2024 16 25 33 +0000
      1 24 Nov 2024 16 25 37 +0000
      1 24 Nov 2024 16 25 40 +0000
      1 24 Nov 2024 16 25 42 +0000
      1 24 Nov 2024 16 25 46 +0000
      1 24 Nov 2024 16 25 51 +0000
      1 24 Nov 2024 16 25 54 +0000
      1 24 Nov 2024 16 25 57 +0000
      1 24 Nov 2024 16 25 59 +0000
      1 24 Nov 2024 16 26 00 +0000
      1 24 Nov 2024 16 26 06 +0000
      1 24 Nov 2024 16 26 09 +0000
      1 24 Nov 2024 16 26 12 +0000
      1 24 Nov 2024 16 26 14 +0000
      1 24 Nov 2024 16 26 18 +0000
      1 24 Nov 2024 16 26 21 +0000
      1 24 Nov 2024 16 26 24 +0000
      1 24 Nov 2024 16 26 27 +0000
      1 24 Nov 2024 16 26 29 +0000
      1 24 Nov 2024 16 26 33 +0000
      1 24 Nov 2024 16 26 37 +0000
      1 24 Nov 2024 16 26 40 +0000
      1 24 Nov 2024 16 26 42 +0000
      1 24 Nov 2024 16 26 45 +0000
      1 24 Nov 2024 16 26 51 +0000
      1 24 Nov 2024 16 26 53 +0000
      1 24 Nov 2024 16 26 55 +0000
      1 24 Nov 2024 16 26 57 +0000
      1 24 Nov 2024 16 27 01 +0000
      1 24 Nov 2024 16 27 06 +0000
      1 24 Nov 2024 16 27 09 +0000
      1 24 Nov 2024 16 27 12 +0000
      1 24 Nov 2024 16 27 14 +0000
      1 24 Nov 2024 16 27 18 +0000
      1 24 Nov 2024 16 27 22 +0000
      1 24 Nov 2024 16 27 24 +0000
      1 24 Nov 2024 16 27 27 +0000
      1 24 Nov 2024 16 27 29 +0000
      1 24 Nov 2024 16 27 33 +0000
      1 24 Nov 2024 16 27 37 +0000
      1 24 Nov 2024 16 27 40 +0000
      1 24 Nov 2024 16 27 42 +0000
      1 24 Nov 2024 16 27 45 +0000
      1 24 Nov 2024 16 27 51 +0000
      1 24 Nov 2024 16 27 53 +0000
      1 24 Nov 2024 16 27 55 +0000
      1 24 Nov 2024 16 27 57 +0000
      1 24 Nov 2024 16 28 01 +0000
      1 24 Nov 2024 16 28 06 +0000
      1 24 Nov 2024 16 28 09 +0000
      1 24 Nov 2024 16 28 12 +0000
      1 24 Nov 2024 16 28 14 +0000
      1 24 Nov 2024 16 28 18 +0000
      1 24 Nov 2024 16 28 22 +0000
      1 24 Nov 2024 16 28 24 +0000
      1 24 Nov 2024 16 28 27 +0000
      1 24 Nov 2024 16 28 29 +0000
      1 24 Nov 2024 16 28 33 +0000
      1 24 Nov 2024 16 28 37 +0000
      1 24 Nov 2024 16 28 40 +0000
      1 24 Nov 2024 16 28 42 +0000
      1 24 Nov 2024 16 28 45 +0000
      1 24 Nov 2024 16 28 51 +0000
      1 24 Nov 2024 16 28 53 +0000
      1 24 Nov 2024 16 28 55 +0000
      1 24 Nov 2024 16 28 57 +0000
      1 24 Nov 2024 16 29 01 +0000
      1 24 Nov 2024 16 29 06 +0000
      1 24 Nov 2024 16 29 09 +0000
      1 24 Nov 2024 16 29 12 +0000
      1 24 Nov 2024 16 29 14 +0000
      1 24 Nov 2024 16 29 18 +0000
      1 24 Nov 2024 16 29 22 +0000
      1 24 Nov 2024 16 29 24 +0000
      1 24 Nov 2024 16 29 27 +0000
      1 24 Nov 2024 16 29 29 +0000
      1 24 Nov 2024 16 29 33 +0000
      1 24 Nov 2024 16 29 37 +0000
      1 24 Nov 2024 16 29 40 +0000
      1 24 Nov 2024 16 29 42 +0000
      1 24 Nov 2024 16 29 45 +0000
      1 24 Nov 2024 16 29 51 +0000
      1 24 Nov 2024 16 29 53 +0000
      1 24 Nov 2024 16 29 55 +0000
      1 24 Nov 2024 16 29 57 +0000
      1 24 Nov 2024 16 30 01 +0000
      1 24 Nov 2024 16 30 06 +0000
      1 24 Nov 2024 16 30 09 +0000
      1 24 Nov 2024 16 30 12 +0000
      1 24 Nov 2024 16 30 14 +0000
      1 24 Nov 2024 16 30 18 +0000
      1 24 Nov 2024 16 30 22 +0000
      1 24 Nov 2024 16 30 24 +0000
      1 24 Nov 2024 16 30 27 +0000
      1 24 Nov 2024 16 30 29 +0000
      1 24 Nov 2024 16 30 33 +0000
      1 24 Nov 2024 16 30 37 +0000
      1 24 Nov 2024 16 30 39 +0000
      1 24 Nov 2024 16 30 42 +0000
      1 24 Nov 2024 16 30 45 +0000
      1 24 Nov 2024 16 30 51 +0000
      1 24 Nov 2024 16 30 53 +0000
      1 24 Nov 2024 16 30 55 +0000
      1 24 Nov 2024 16 30 57 +0000
      1 24 Nov 2024 16 31 01 +0000
      1 24 Nov 2024 16 31 06 +0000
      1 24 Nov 2024 16 31 09 +0000
      1 24 Nov 2024 16 31 12 +0000
      1 24 Nov 2024 16 31 14 +0000
      1 24 Nov 2024 16 31 18 +0000
      1 24 Nov 2024 16 31 22 +0000
      1 24 Nov 2024 16 31 24 +0000
      1 24 Nov 2024 16 31 27 +0000
      1 24 Nov 2024 16 31 29 +0000
      1 24 Nov 2024 16 31 33 +0000
      1 24 Nov 2024 16 31 37 +0000
      1 24 Nov 2024 16 31 40 +0000
      1 24 Nov 2024 16 31 42 +0000
      1 24 Nov 2024 16 31 45 +0000
      1 24 Nov 2024 16 31 51 +0000
      1 24 Nov 2024 16 31 53 +0000
      1 24 Nov 2024 16 31 55 +0000
      1 24 Nov 2024 16 31 57 +0000
      1 24 Nov 2024 16 32 01 +0000
      1 24 Nov 2024 16 32 06 +0000
      1 24 Nov 2024 16 32 09 +0000
      1 24 Nov 2024 16 32 12 +0000
      1 24 Nov 2024 16 32 14 +0000
      1 24 Nov 2024 16 32 18 +0000
      1 24 Nov 2024 16 32 22 +0000
      1 24 Nov 2024 16 32 24 +0000
      1 24 Nov 2024 16 32 27 +0000
      1 24 Nov 2024 16 32 29 +0000
      1 24 Nov 2024 16 32 33 +0000
      1 24 Nov 2024 16 32 37 +0000
      1 24 Nov 2024 16 32 40 +0000
      1 24 Nov 2024 16 32 42 +0000
      1 24 Nov 2024 16 32 45 +0000
      1 24 Nov 2024 16 32 51 +0000
      1 24 Nov 2024 16 32 53 +0000
      1 24 Nov 2024 16 32 55 +0000
      1 24 Nov 2024 16 32 57 +0000
      1 24 Nov 2024 16 33 01 +0000
      1 24 Nov 2024 16 33 06 +0000
      1 24 Nov 2024 16 33 09 +0000
      1 24 Nov 2024 16 33 12 +0000
      1 24 Nov 2024 16 33 14 +0000
      1 24 Nov 2024 16 33 18 +0000
      1 24 Nov 2024 16 33 22 +0000
      1 24 Nov 2024 16 33 24 +0000
      1 24 Nov 2024 16 33 27 +0000
      1 24 Nov 2024 16 33 29 +0000
      1 24 Nov 2024 16 33 33 +0000
      1 24 Nov 2024 16 33 37 +0000
      1 24 Nov 2024 16 33 40 +0000
      1 24 Nov 2024 16 33 42 +0000
      1 24 Nov 2024 16 33 45 +0000
      1 24 Nov 2024 16 33 51 +0000
      1 24 Nov 2024 16 33 53 +0000
      1 24 Nov 2024 16 33 55 +0000
      1 24 Nov 2024 16 33 59 +0000
      1 24 Nov 2024 16 34 01 +0000
      1 24 Nov 2024 16 34 06 +0000
      1 24 Nov 2024 16 34 08 +0000
      1 24 Nov 2024 16 34 10 +0000
      1 24 Nov 2024 16 34 12 +0000
      1 24 Nov 2024 16 34 16 +0000
      1 24 Nov 2024 16 34 21 +0000
      1 24 Nov 2024 16 34 24 +0000
      1 24 Nov 2024 16 34 25 +0000
      1 24 Nov 2024 16 34 27 +0000
      1 24 Nov 2024 16 34 31 +0000
      1 24 Nov 2024 16 34 36 +0000
      1 24 Nov 2024 16 34 39 +0000
      1 24 Nov 2024 16 34 42 +0000
      1 24 Nov 2024 16 34 44 +0000
      1 24 Nov 2024 16 34 48 +0000
      1 24 Nov 2024 16 34 52 +0000
      1 24 Nov 2024 16 34 55 +0000
      1 24 Nov 2024 16 34 57 +0000
      1 24 Nov 2024 16 35 00 +0000
      1 24 Nov 2024 16 35 06 +0000
      1 24 Nov 2024 16 35 08 +0000
      1 24 Nov 2024 16 35 10 +0000
      1 24 Nov 2024 16 35 12 +0000
      1 24 Nov 2024 16 35 16 +0000
      1 24 Nov 2024 16 35 21 +0000
      1 24 Nov 2024 16 35 23 +0000
      1 24 Nov 2024 16 35 25 +0000
      1 24 Nov 2024 16 35 27 +0000
      1 24 Nov 2024 16 35 31 +0000
      1 24 Nov 2024 16 35 36 +0000
      1 24 Nov 2024 16 35 39 +0000
      1 24 Nov 2024 16 35 42 +0000
      1 24 Nov 2024 16 35 44 +0000
      1 24 Nov 2024 16 35 48 +0000
      1 24 Nov 2024 16 35 52 +0000
      1 24 Nov 2024 16 35 55 +0000
      1 24 Nov 2024 16 35 57 +0000
      1 24 Nov 2024 16 36 00 +0000
      1 24 Nov 2024 16 36 06 +0000
      1 24 Nov 2024 16 36 08 +0000
      1 24 Nov 2024 16 36 10 +0000
      1 24 Nov 2024 16 36 12 +0000
      1 24 Nov 2024 16 36 16 +0000
      1 24 Nov 2024 16 36 21 +0000
      1 24 Nov 2024 16 36 23 +0000
      1 24 Nov 2024 16 36 25 +0000
      1 24 Nov 2024 16 36 27 +0000
      1 24 Nov 2024 16 36 31 +0000
      1 24 Nov 2024 16 36 36 +0000
      1 24 Nov 2024 16 36 39 +0000
      1 24 Nov 2024 16 36 42 +0000
      1 24 Nov 2024 16 36 44 +0000
      1 24 Nov 2024 16 36 48 +0000
      1 24 Nov 2024 16 36 52 +0000
      1 24 Nov 2024 16 36 55 +0000
      1 24 Nov 2024 16 36 57 +0000
      1 24 Nov 2024 16 37 00 +0000
      1 24 Nov 2024 16 37 06 +0000
      1 24 Nov 2024 16 37 07 +0000
      1 24 Nov 2024 16 37 10 +0000
      1 24 Nov 2024 16 37 12 +0000
      1 24 Nov 2024 16 37 15 +0000
      1 24 Nov 2024 16 37 21 +0000
      1 24 Nov 2024 16 37 23 +0000
      1 24 Nov 2024 16 37 25 +0000
      1 24 Nov 2024 16 37 27 +0000
      1 24 Nov 2024 16 37 31 +0000
      1 24 Nov 2024 16 37 36 +0000
      1 24 Nov 2024 16 37 39 +0000
      1 24 Nov 2024 16 37 42 +0000
      1 24 Nov 2024 16 37 44 +0000
      1 24 Nov 2024 16 37 48 +0000
      1 24 Nov 2024 16 37 52 +0000
      1 24 Nov 2024 16 37 55 +0000
      1 24 Nov 2024 16 37 57 +0000
      1 24 Nov 2024 16 38 00 +0000
      1 24 Nov 2024 16 38 06 +0000
      1 24 Nov 2024 16 38 08 +0000
      1 24 Nov 2024 16 38 10 +0000
      1 24 Nov 2024 16 38 12 +0000
      1 24 Nov 2024 16 38 16 +0000
      1 24 Nov 2024 16 38 21 +0000
      1 24 Nov 2024 16 38 23 +0000
      1 24 Nov 2024 16 38 25 +0000
      1 24 Nov 2024 16 38 27 +0000
      1 24 Nov 2024 16 38 31 +0000
      1 24 Nov 2024 16 38 36 +0000
      1 24 Nov 2024 16 38 39 +0000
      1 24 Nov 2024 16 38 42 +0000
      1 24 Nov 2024 16 38 44 +0000
      1 24 Nov 2024 16 38 48 +0000
      1 24 Nov 2024 16 38 52 +0000
      1 24 Nov 2024 16 38 55 +0000
      1 24 Nov 2024 16 38 57 +0000
      1 24 Nov 2024 16 39 00 +0000
      1 24 Nov 2024 16 39 06 +0000
      1 24 Nov 2024 16 39 09 +0000
      1 24 Nov 2024 16 39 12 +0000
      1 24 Nov 2024 16 39 14 +0000
      1 24 Nov 2024 16 39 18 +0000
      1 24 Nov 2024 16 39 21 +0000
      1 24 Nov 2024 16 39 25 +0000
      1 24 Nov 2024 16 39 27 +0000
      1 24 Nov 2024 16 39 30 +0000
      1 24 Nov 2024 16 39 36 +0000
      1 24 Nov 2024 16 39 38 +0000
      1 24 Nov 2024 16 39 40 +0000
      1 24 Nov 2024 16 39 42 +0000
      1 24 Nov 2024 16 39 46 +0000
      1 24 Nov 2024 16 39 51 +0000
      1 24 Nov 2024 16 39 54 +0000
      1 24 Nov 2024 16 39 57 +0000
      1 24 Nov 2024 16 39 59 +0000
      1 24 Nov 2024 16 40 01 +0000
      1 24 Nov 2024 16 40 06 +0000
      1 24 Nov 2024 16 40 08 +0000
      1 24 Nov 2024 16 40 10 +0000
      1 24 Nov 2024 16 40 12 +0000
      1 24 Nov 2024 16 40 16 +0000
      1 24 Nov 2024 16 40 21 +0000
      1 24 Nov 2024 16 40 23 +0000
      1 24 Nov 2024 16 40 25 +0000
      1 24 Nov 2024 16 40 27 +0000
      1 24 Nov 2024 16 40 31 +0000
      1 24 Nov 2024 16 40 36 +0000
      1 24 Nov 2024 16 40 39 +0000
      1 24 Nov 2024 16 40 42 +0000
      1 24 Nov 2024 16 40 44 +0000
      1 24 Nov 2024 16 40 48 +0000
      1 24 Nov 2024 16 40 52 +0000
      1 24 Nov 2024 16 40 55 +0000
      1 24 Nov 2024 16 40 57 +0000
      1 24 Nov 2024 16 41 00 +0000
      1 24 Nov 2024 16 41 06 +0000
      1 24 Nov 2024 16 41 08 +0000
      1 24 Nov 2024 16 41 10 +0000
      1 24 Nov 2024 16 41 12 +0000
      1 24 Nov 2024 16 41 16 +0000
      1 24 Nov 2024 16 41 21 +0000
      1 24 Nov 2024 16 41 23 +0000
      1 24 Nov 2024 16 41 25 +0000
      1 24 Nov 2024 16 41 27 +0000
      1 24 Nov 2024 16 41 31 +0000
      1 24 Nov 2024 16 41 36 +0000
      1 24 Nov 2024 16 41 39 +0000
      1 24 Nov 2024 16 41 42 +0000
      1 24 Nov 2024 16 41 44 +0000
      1 24 Nov 2024 16 41 48 +0000
      1 24 Nov 2024 16 41 52 +0000
      1 24 Nov 2024 16 41 55 +0000
      1 24 Nov 2024 16 41 57 +0000
      1 24 Nov 2024 16 42 00 +0000
      1 24 Nov 2024 16 42 06 +0000
      1 24 Nov 2024 16 42 08 +0000
      1 24 Nov 2024 16 42 10 +0000
      1 24 Nov 2024 16 42 12 +0000
      1 24 Nov 2024 16 42 16 +0000
      1 24 Nov 2024 16 42 21 +0000
      1 24 Nov 2024 16 42 23 +0000
      1 24 Nov 2024 16 42 25 +0000
      1 24 Nov 2024 16 42 27 +0000
      1 24 Nov 2024 16 42 31 +0000
      1 24 Nov 2024 16 42 36 +0000
      1 24 Nov 2024 16 42 39 +0000
      1 24 Nov 2024 16 42 42 +0000
      1 24 Nov 2024 16 42 44 +0000
      1 24 Nov 2024 16 42 48 +0000
      1 24 Nov 2024 16 42 52 +0000
      1 24 Nov 2024 16 42 55 +0000
      1 24 Nov 2024 16 42 57 +0000
      1 24 Nov 2024 16 43 00 +0000
      1 24 Nov 2024 16 43 06 +0000
      1 24 Nov 2024 16 43 08 +0000
      1 24 Nov 2024 16 43 10 +0000
      1 24 Nov 2024 16 43 12 +0000
      1 24 Nov 2024 16 43 16 +0000
      1 24 Nov 2024 16 43 21 +0000
      1 24 Nov 2024 16 43 24 +0000
      1 24 Nov 2024 16 43 25 +0000
      1 24 Nov 2024 16 43 27 +0000
      1 24 Nov 2024 16 43 31 +0000
      1 24 Nov 2024 16 43 36 +0000
      1 24 Nov 2024 16 43 39 +0000
      1 24 Nov 2024 16 43 42 +0000
      1 24 Nov 2024 16 43 44 +0000
      1 24 Nov 2024 16 43 48 +0000
      1 24 Nov 2024 16 43 52 +0000
      1 24 Nov 2024 16 43 55 +0000
      1 24 Nov 2024 16 43 57 +0000
      1 24 Nov 2024 16 44 00 +0000
      1 24 Nov 2024 16 44 06 +0000
      1 24 Nov 2024 16 44 08 +0000
      1 24 Nov 2024 16 44 10 +0000
      1 24 Nov 2024 16 44 12 +0000
      1 24 Nov 2024 16 44 16 +0000
      1 24 Nov 2024 16 44 21 +0000
      1 24 Nov 2024 16 44 24 +0000
      1 24 Nov 2024 16 44 27 +0000
      1 24 Nov 2024 16 44 29 +0000
      1 24 Nov 2024 16 44 33 +0000
      1 24 Nov 2024 16 44 37 +0000
      1 24 Nov 2024 16 44 40 +0000
      1 24 Nov 2024 16 44 42 +0000
      1 24 Nov 2024 16 44 45 +0000
      1 24 Nov 2024 16 44 51 +0000
      1 24 Nov 2024 16 44 53 +0000
      1 24 Nov 2024 16 44 55 +0000
      1 24 Nov 2024 16 44 57 +0000
      1 24 Nov 2024 16 45 01 +0000
      1 24 Nov 2024 16 45 06 +0000
      1 24 Nov 2024 16 45 09 +0000
      1 24 Nov 2024 16 45 12 +0000
      1 24 Nov 2024 16 45 14 +0000
      1 24 Nov 2024 16 45 18 +0000
      1 24 Nov 2024 16 45 22 +0000
      1 24 Nov 2024 16 45 25 +0000
      1 24 Nov 2024 16 45 27 +0000
      1 24 Nov 2024 16 45 30 +0000
      1 24 Nov 2024 16 45 36 +0000
      1 24 Nov 2024 16 45 38 +0000
      1 24 Nov 2024 16 45 40 +0000
      1 24 Nov 2024 16 45 42 +0000
      1 24 Nov 2024 16 45 46 +0000
      1 24 Nov 2024 16 45 51 +0000
      1 24 Nov 2024 16 45 54 +0000
      1 24 Nov 2024 16 45 57 +0000
      1 24 Nov 2024 16 45 59 +0000
      1 24 Nov 2024 16 46 03 +0000
      1 24 Nov 2024 16 46 07 +0000
      1 24 Nov 2024 16 46 10 +0000
      1 24 Nov 2024 16 46 12 +0000
      1 24 Nov 2024 16 46 15 +0000
      1 24 Nov 2024 16 46 21 +0000
      1 24 Nov 2024 16 46 22 +0000
      1 24 Nov 2024 16 46 23 +0000
      1 24 Nov 2024 16 46 27 +0000
      1 24 Nov 2024 16 46 29 +0000
      1 24 Nov 2024 16 46 33 +0000
      1 24 Nov 2024 16 46 37 +0000
      1 24 Nov 2024 16 46 40 +0000
      1 24 Nov 2024 16 46 42 +0000
      1 24 Nov 2024 16 46 45 +0000
      1 24 Nov 2024 16 46 51 +0000
      1 24 Nov 2024 16 46 52 +0000
      1 24 Nov 2024 16 46 55 +0000
      1 24 Nov 2024 16 46 57 +0000
      1 24 Nov 2024 16 47 01 +0000
      1 24 Nov 2024 16 47 06 +0000
      1 24 Nov 2024 16 47 10 +0000
      1 24 Nov 2024 16 47 12 +0000
      1 24 Nov 2024 16 47 14 +0000
      1 24 Nov 2024 16 47 18 +0000
      1 24 Nov 2024 16 47 22 +0000
      1 24 Nov 2024 16 47 25 +0000
      1 24 Nov 2024 16 47 27 +0000
      1 24 Nov 2024 16 47 31 +0000
      1 24 Nov 2024 16 47 36 +0000
      1 24 Nov 2024 16 47 37 +0000
      1 24 Nov 2024 16 47 40 +0000
      1 24 Nov 2024 16 47 43 +0000
      1 24 Nov 2024 16 47 46 +0000
      1 24 Nov 2024 16 47 51 +0000
      1 24 Nov 2024 16 47 55 +0000
      1 24 Nov 2024 16 47 57 +0000
      1 24 Nov 2024 16 47 59 +0000
      1 24 Nov 2024 16 48 03 +0000
      1 24 Nov 2024 16 48 07 +0000
      1 24 Nov 2024 16 48 10 +0000
      1 24 Nov 2024 16 48 12 +0000
      1 24 Nov 2024 16 48 15 +0000
      1 24 Nov 2024 16 48 21 +0000
      1 24 Nov 2024 16 48 22 +0000
      1 24 Nov 2024 16 48 24 +0000
      1 24 Nov 2024 16 48 25 +0000
      1 24 Nov 2024 16 48 27 +0000
      1 24 Nov 2024 16 48 31 +0000
      1 24 Nov 2024 16 48 36 +0000
      1 24 Nov 2024 16 48 40 +0000
      1 24 Nov 2024 16 48 42 +0000
      1 24 Nov 2024 16 48 44 +0000
      1 24 Nov 2024 16 48 48 +0000
      1 24 Nov 2024 16 48 52 +0000
      1 24 Nov 2024 16 48 55 +0000
      1 24 Nov 2024 16 48 57 +0000
      1 24 Nov 2024 16 49 00 +0000
      1 24 Nov 2024 16 49 06 +0000
      1 24 Nov 2024 16 49 07 +0000
      1 24 Nov 2024 16 49 10 +0000
      1 24 Nov 2024 16 49 12 +0000
      1 24 Nov 2024 16 49 16 +0000
      1 24 Nov 2024 16 49 21 +0000
      1 24 Nov 2024 16 49 24 +0000
      1 24 Nov 2024 16 49 25 +0000
      1 24 Nov 2024 16 49 27 +0000
      1 24 Nov 2024 16 49 31 +0000
      1 24 Nov 2024 16 49 36 +0000
      1 24 Nov 2024 16 49 40 +0000
      1 24 Nov 2024 16 49 42 +0000
      1 24 Nov 2024 16 49 45 +0000
      1 24 Nov 2024 16 49 51 +0000
      1 24 Nov 2024 16 49 52 +0000
      1 24 Nov 2024 16 49 55 +0000
      1 24 Nov 2024 16 49 57 +0000
      1 24 Nov 2024 16 50 01 +0000
      1 24 Nov 2024 16 50 06 +0000
      1 24 Nov 2024 16 50 10 +0000
      1 24 Nov 2024 16 50 12 +0000
      1 24 Nov 2024 16 50 14 +0000
      1 24 Nov 2024 16 50 18 +0000
      1 24 Nov 2024 16 50 22 +0000
      1 24 Nov 2024 16 50 25 +0000
      1 24 Nov 2024 16 50 27 +0000
      1 24 Nov 2024 16 50 30 +0000
      1 24 Nov 2024 16 50 36 +0000
      1 24 Nov 2024 16 50 37 +0000
      1 24 Nov 2024 16 50 40 +0000
      1 24 Nov 2024 16 50 42 +0000
      1 24 Nov 2024 16 50 46 +0000
      1 24 Nov 2024 16 50 51 +0000
      2 24 Nov 2024 16 50 55 +0000
      1 24 Nov 2024 16 50 57 +0000
      1 24 Nov 2024 16 51 00 +0000
      1 24 Nov 2024 16 51 06 +0000
      1 24 Nov 2024 16 51 07 +0000
      1 24 Nov 2024 16 51 10 +0000
      1 24 Nov 2024 16 51 12 +0000
      1 24 Nov 2024 16 51 17 +0000
      1 24 Nov 2024 16 51 21 +0000
      1 24 Nov 2024 16 51 23 +0000
      1 24 Nov 2024 16 51 25 +0000
      1 24 Nov 2024 16 51 27 +0000
      1 24 Nov 2024 16 51 32 +0000
      1 24 Nov 2024 16 51 36 +0000
      1 24 Nov 2024 16 51 40 +0000
      1 24 Nov 2024 16 51 42 +0000
      1 24 Nov 2024 16 51 44 +0000
      1 24 Nov 2024 16 51 48 +0000
      1 24 Nov 2024 16 51 52 +0000
      1 24 Nov 2024 16 51 55 +0000
      1 24 Nov 2024 16 51 57 +0000
      1 24 Nov 2024 16 52 00 +0000
      1 24 Nov 2024 16 52 06 +0000
      3 24 Nov 2024 16 52 07 +0000
      1 24 Nov 2024 16 52 10 +0000
      1 24 Nov 2024 16 52 12 +0000
      2 24 Nov 2024 16 52 13 +0000
      1 24 Nov 2024 16 52 15 +0000
      2 24 Nov 2024 16 52 16 +0000
      1 24 Nov 2024 16 52 21 +0000
      1 24 Nov 2024 16 52 23 +0000
      1 24 Nov 2024 16 52 24 +0000
      1 24 Nov 2024 16 52 25 +0000
      1 24 Nov 2024 16 52 27 +0000
      1 24 Nov 2024 16 52 29 +0000
      1 24 Nov 2024 16 52 33 +0000
      1 24 Nov 2024 16 52 37 +0000
      1 24 Nov 2024 16 52 40 +0000
      1 24 Nov 2024 16 52 42 +0000
      1 24 Nov 2024 16 52 45 +0000
      1 24 Nov 2024 16 52 51 +0000
      1 24 Nov 2024 16 52 53 +0000
      1 24 Nov 2024 16 52 55 +0000
      1 24 Nov 2024 16 52 57 +0000
      1 24 Nov 2024 16 53 01 +0000
      1 24 Nov 2024 16 53 06 +0000
      1 24 Nov 2024 16 53 08 +0000
      1 24 Nov 2024 16 53 10 +0000
      1 24 Nov 2024 16 53 12 +0000
      1 24 Nov 2024 16 53 16 +0000
      1 24 Nov 2024 16 53 21 +0000
      1 24 Nov 2024 16 53 25 +0000
      1 24 Nov 2024 16 53 27 +0000
      1 24 Nov 2024 16 53 29 +0000
      1 24 Nov 2024 16 53 33 +0000
      1 24 Nov 2024 16 53 37 +0000
      1 24 Nov 2024 16 53 40 +0000
      1 24 Nov 2024 16 53 42 +0000
      1 24 Nov 2024 16 53 45 +0000
      1 24 Nov 2024 16 53 51 +0000
      1 24 Nov 2024 16 53 52 +0000
      1 24 Nov 2024 16 53 55 +0000
      1 24 Nov 2024 16 53 57 +0000
      1 24 Nov 2024 16 54 00 +0000
      1 24 Nov 2024 16 54 06 +0000
      1 24 Nov 2024 16 54 07 +0000
      1 24 Nov 2024 16 54 10 +0000
      1 24 Nov 2024 16 54 12 +0000
      1 24 Nov 2024 16 54 16 +0000
      1 24 Nov 2024 16 54 21 +0000
      1 24 Nov 2024 16 54 25 +0000
      1 24 Nov 2024 16 54 27 +0000
      1 24 Nov 2024 16 54 30 +0000
      1 24 Nov 2024 16 54 36 +0000
      1 24 Nov 2024 16 54 37 +0000
      1 24 Nov 2024 16 54 40 +0000
      1 24 Nov 2024 16 54 42 +0000
      1 24 Nov 2024 16 54 45 +0000
      1 24 Nov 2024 16 54 46 +0000
      1 24 Nov 2024 16 54 51 +0000
      1 24 Nov 2024 16 54 52 +0000
      1 24 Nov 2024 16 54 55 +0000
      1 24 Nov 2024 16 54 57 +0000
      1 24 Nov 2024 16 55 01 +0000
      1 24 Nov 2024 16 55 06 +0000
      1 24 Nov 2024 16 55 07 +0000
      1 24 Nov 2024 16 55 08 +0000
      2 24 Nov 2024 16 55 09 +0000
      3 24 Nov 2024 16 55 10 +0000
      1 24 Nov 2024 16 55 13 +0000
      1 24 Nov 2024 16 55 15 +0000
      1 24 Nov 2024 16 55 18 +0000
      1 24 Nov 2024 16 55 19 +0000
      1 24 Nov 2024 16 55 21 +0000
      1 24 Nov 2024 16 55 22 +0000
      1 24 Nov 2024 16 55 23 +0000
      1 24 Nov 2024 16 55 25 +0000
      1 24 Nov 2024 16 55 26 +0000
      1 24 Nov 2024 16 55 27 +0000
      5 24 Nov 2024 16 55 28 +0000
      1 24 Nov 2024 16 55 30 +0000
      1 24 Nov 2024 16 55 36 +0000
      1 24 Nov 2024 16 55 37 +0000
      1 24 Nov 2024 16 55 40 +0000
      1 24 Nov 2024 16 55 42 +0000
      1 24 Nov 2024 16 55 45 +0000
      1 24 Nov 2024 16 55 51 +0000
      1 24 Nov 2024 16 55 52 +0000
      1 24 Nov 2024 16 55 56 +0000
      1 24 Nov 2024 16 55 58 +0000
      1 24 Nov 2024 16 56 00 +0000
      1 24 Nov 2024 16 56 06 +0000
      1 24 Nov 2024 16 56 07 +0000
      1 24 Nov 2024 16 56 11 +0000
      1 24 Nov 2024 16 56 13 +0000
      1 24 Nov 2024 16 56 16 +0000
      1 24 Nov 2024 16 56 21 +0000
      1 24 Nov 2024 16 56 25 +0000
      1 24 Nov 2024 16 56 27 +0000
      1 24 Nov 2024 16 56 29 +0000
      1 24 Nov 2024 16 56 33 +0000
      1 24 Nov 2024 16 56 37 +0000
      1 24 Nov 2024 16 56 40 +0000
      1 24 Nov 2024 16 56 42 +0000
      1 24 Nov 2024 16 56 45 +0000
      1 24 Nov 2024 16 56 49 +0000
      1 24 Nov 2024 16 56 52 +0000
      1 24 Nov 2024 16 56 55 +0000
      1 24 Nov 2024 16 56 57 +0000
      1 24 Nov 2024 16 57 00 +0000
      1 24 Nov 2024 16 57 06 +0000
      1 24 Nov 2024 16 57 10 +0000
      1 24 Nov 2024 16 57 12 +0000
      1 24 Nov 2024 16 57 14 +0000
      1 24 Nov 2024 16 57 16 +0000
      1 24 Nov 2024 16 57 21 +0000
      1 24 Nov 2024 16 57 25 +0000
      1 24 Nov 2024 16 57 27 +0000
      1 24 Nov 2024 16 57 29 +0000
      1 24 Nov 2024 16 57 33 +0000
      1 24 Nov 2024 16 57 37 +0000
      1 24 Nov 2024 16 57 40 +0000
      1 24 Nov 2024 16 57 42 +0000
      1 24 Nov 2024 16 57 44 +0000
      1 24 Nov 2024 16 57 49 +0000
      1 24 Nov 2024 16 57 52 +0000
      1 24 Nov 2024 16 57 55 +0000
      1 24 Nov 2024 16 57 57 +0000
      1 24 Nov 2024 16 58 00 +0000
      1 24 Nov 2024 16 58 06 +0000
      1 24 Nov 2024 16 58 07 +0000
      1 24 Nov 2024 16 58 10 +0000
      1 24 Nov 2024 16 58 13 +0000
      1 24 Nov 2024 16 58 16 +0000
      1 24 Nov 2024 16 58 21 +0000
      1 24 Nov 2024 16 58 25 +0000
      1 24 Nov 2024 16 58 27 +0000
      1 24 Nov 2024 16 58 29 +0000
      1 24 Nov 2024 16 58 31 +0000
      1 24 Nov 2024 16 58 36 +0000
      1 24 Nov 2024 16 58 40 +0000
      1 24 Nov 2024 16 58 42 +0000
      1 24 Nov 2024 16 58 44 +0000
      1 24 Nov 2024 16 58 48 +0000
      1 24 Nov 2024 16 58 52 +0000
      1 24 Nov 2024 16 58 55 +0000
      1 24 Nov 2024 16 58 57 +0000
      1 24 Nov 2024 16 58 59 +0000