05 Jul 2024 11 9
05 Jul 2024 12 5
05 Jul 2024 13 5
05 Jul 2024 14 5
05 Jul 2024 15 5
05 Jul 2024 16 2
05 Jul 2024 17 4
05 Jul 2024 18 2
05 Jul 2024 19 2
05 Jul 2024 20 3
05 Jul 2024 21 3
05 Jul 2024 22 2
05 Jul 2024 23 2
06 Jul 2024 00 2
06 Jul 2024 01 8
06 Jul 2024 02 2
06 Jul 2024 03 3
06 Jul 2024 04 3
06 Jul 2024 05 3
06 Jul 2024 06 2
06 Jul 2024 07 2
06 Jul 2024 08 2
06 Jul 2024 09 2
06 Jul 2024 10 3
06 Jul 2024 11 2
06 Jul 2024 12 2
06 Jul 2024 13 2
06 Jul 2024 14 4
06 Jul 2024 15 2
06 Jul 2024 16 2
06 Jul 2024 17 2
06 Jul 2024 18 3
06 Jul 2024 19 2
06 Jul 2024 20 2
06 Jul 2024 21 2
06 Jul 2024 22 2
06 Jul 2024 23 2
07 Jul 2024 00 1
07 Jul 2024 01 2
07 Jul 2024 02 2
07 Jul 2024 03 2
07 Jul 2024 04 7
07 Jul 2024 05 1
07 Jul 2024 06 2
07 Jul 2024 07 2
07 Jul 2024 08 1
07 Jul 2024 09 1
07 Jul 2024 10 2
07 Jul 2024 11 2
07 Jul 2024 12 7
07 Jul 2024 13 5
07 Jul 2024 14 11
07 Jul 2024 15 4
07 Jul 2024 16 6
07 Jul 2024 17 9
07 Jul 2024 18 2
07 Jul 2024 19 3
07 Jul 2024 20 2
07 Jul 2024 21 2
07 Jul 2024 22 2
07 Jul 2024 23 2
08 Jul 2024 00 2
08 Jul 2024 01 7
08 Jul 2024 02 12
08 Jul 2024 03 13
08 Jul 2024 03 13
08 Jul 2024 04 2
08 Jul 2024 04 12
08 Jul 2024 05 10
08 Jul 2024 06 13
08 Jul 2024 07 7
08 Jul 2024 08 12
08 Jul 2024 09 11
08 Jul 2024 10 12
08 Jul 2024 11 11
08 Jul 2024 12 6
08 Jul 2024 13 10
08 Jul 2024 14 4
08 Jul 2024 15 5
08 Jul 2024 16 4
08 Jul 2024 17 5
08 Jul 2024 18 4
08 Jul 2024 19 3
08 Jul 2024 20 2
08 Jul 2024 21 2
08 Jul 2024 22 2
08 Jul 2024 23 3
09 Jul 2024 00 2
09 Jul 2024 01 3
09 Jul 2024 02 5
09 Jul 2024 03 12
09 Jul 2024 04 8
09 Jul 2024 05 11
09 Jul 2024 06 8
09 Jul 2024 07 7
09 Jul 2024 08 6
09 Jul 2024 09 6
09 Jul 2024 10 5
09 Jul 2024 11 10
09 Jul 2024 12 12
09 Jul 2024 13 6
09 Jul 2024 14 4
09 Jul 2024 15 6
09 Jul 2024 16 6
09 Jul 2024 17 4
09 Jul 2024 18 2
09 Jul 2024 19 2
09 Jul 2024 20 2
09 Jul 2024 21 2
09 Jul 2024 22 3
09 Jul 2024 23 2
10 Jul 2024 00 2
10 Jul 2024 01 2
10 Jul 2024 02 5
10 Jul 2024 03 9
10 Jul 2024 04 8
10 Jul 2024 05 9
10 Jul 2024 06 5
10 Jul 2024 07 10
10 Jul 2024 08 16
10 Jul 2024 09 12
10 Jul 2024 10 14
10 Jul 2024 11 9
10 Jul 2024 12 6
10 Jul 2024 13 5
10 Jul 2024 14 10
10 Jul 2024 15 2
10 Jul 2024 16 12
10 Jul 2024 17 5
10 Jul 2024 18 3
10 Jul 2024 19 2
10 Jul 2024 20 2
10 Jul 2024 21 2
10 Jul 2024 22 2
10 Jul 2024 23 2
11 Jul 2024 00 3
11 Jul 2024 01 3
11 Jul 2024 02 2
11 Jul 2024 03 11
11 Jul 2024 04 7
11 Jul 2024 05 10
11 Jul 2024 06 12
11 Jul 2024 07 9
11 Jul 2024 08 7
11 Jul 2024 09 11
11 Jul 2024 10 11
11 Jul 2024 11 13
11 Jul 2024 12 5
11 Jul 2024 13 5
11 Jul 2024 14 10
11 Jul 2024 15 4
11 Jul 2024 16 9
11 Jul 2024 17 5
11 Jul 2024 18 2
11 Jul 2024 19 14
11 Jul 2024 20 2
11 Jul 2024 21 2
11 Jul 2024 22 11
11 Jul 2024 23 2
12 Jul 2024 00 2
12 Jul 2024 01 5
12 Jul 2024 02 2
12 Jul 2024 03 8
12 Jul 2024 04 11
12 Jul 2024 05 9
12 Jul 2024 06 11
12 Jul 2024 07 14
12 Jul 2024 08 7
12 Jul 2024 09 14
12 Jul 2024 10 11
12 Jul 2024 11 12
12 Jul 2024 12 3
12 Jul 2024 13 3
12 Jul 2024 14 4
12 Jul 2024 15 2
12 Jul 2024 16 4
12 Jul 2024 17 2
12 Jul 2024 18 2
12 Jul 2024 19 2
12 Jul 2024 20 2
12 Jul 2024 21 2
12 Jul 2024 22 2
12 Jul 2024 23 2
13 Jul 2024 00 2
13 Jul 2024 01 2
13 Jul 2024 02 2
13 Jul 2024 03 2
13 Jul 2024 04 2
13 Jul 2024 05 2
13 Jul 2024 06 2
13 Jul 2024 07 2
13 Jul 2024 08 2
13 Jul 2024 09 2
13 Jul 2024 10 2
13 Jul 2024 11 2
13 Jul 2024 12 2
13 Jul 2024 13 3
13 Jul 2024 14 2
13 Jul 2024 15 2
13 Jul 2024 16 2
13 Jul 2024 17 10
13 Jul 2024 18 2
13 Jul 2024 19 4
13 Jul 2024 20 2
13 Jul 2024 21 2
13 Jul 2024 22 2
13 Jul 2024 23 2
14 Jul 2024 00 2
14 Jul 2024 01 2
14 Jul 2024 02 2
14 Jul 2024 03 2
14 Jul 2024 04 3
14 Jul 2024 05 10
14 Jul 2024 06 2
14 Jul 2024 07 3
14 Jul 2024 08 2
14 Jul 2024 09 5
14 Jul 2024 10 6
14 Jul 2024 11 8
14 Jul 2024 12 5
14 Jul 2024 13 5
14 Jul 2024 14 11
14 Jul 2024 15 3
14 Jul 2024 16 2
14 Jul 2024 17 2
14 Jul 2024 18 2
14 Jul 2024 19 2
14 Jul 2024 20 2
14 Jul 2024 21 2
14 Jul 2024 22 2
14 Jul 2024 23 2
15 Jul 2024 00 2
15 Jul 2024 01 3
15 Jul 2024 02 6
15 Jul 2024 03 12
15 Jul 2024 04 10
15 Jul 2024 05 11
15 Jul 2024 06 17
15 Jul 2024 07 12
15 Jul 2024 08 5
15 Jul 2024 09 11
15 Jul 2024 10 12
15 Jul 2024 11 12
15 Jul 2024 12 4
15 Jul 2024 13 10
15 Jul 2024 14 7
15 Jul 2024 15 5
15 Jul 2024 16 10
15 Jul 2024 17 9
15 Jul 2024 18 2
15 Jul 2024 19 4
15 Jul 2024 20 3
15 Jul 2024 21 3
15 Jul 2024 22 3
15 Jul 2024 23 3
16 Jul 2024 00 3
16 Jul 2024 01 6
16 Jul 2024 02 11
16 Jul 2024 03 10
16 Jul 2024 04 8
16 Jul 2024 05 12
16 Jul 2024 06 8
16 Jul 2024 07 9
16 Jul 2024 08 6
16 Jul 2024 09 6
16 Jul 2024 10 10
16 Jul 2024 11 6
16 Jul 2024 12 4
16 Jul 2024 13 4
16 Jul 2024 14 12
16 Jul 2024 15 2
16 Jul 2024 16 2
16 Jul 2024 17 5
16 Jul 2024 18 9
16 Jul 2024 19 2
16 Jul 2024 20 2
16 Jul 2024 21 2
16 Jul 2024 22 2
16 Jul 2024 23 3
17 Jul 2024 00 2
17 Jul 2024 01 3
17 Jul 2024 02 11
17 Jul 2024 03 13
17 Jul 2024 04 12
17 Jul 2024 05 16
17 Jul 2024 06 10
17 Jul 2024 07 13
17 Jul 2024 08 6
17 Jul 2024 09 8
17 Jul 2024 10 8
17 Jul 2024 11 11
17 Jul 2024 12 4
17 Jul 2024 13 11
17 Jul 2024 14 12
17 Jul 2024 15 8
17 Jul 2024 16 6
17 Jul 2024 17 4
17 Jul 2024 18 7
17 Jul 2024 19 4
17 Jul 2024 20 3
17 Jul 2024 21 3
17 Jul 2024 22 4
17 Jul 2024 23 4
18 Jul 2024 00 5
18 Jul 2024 01 4
18 Jul 2024 02 9
18 Jul 2024 03 13
18 Jul 2024 04 9
18 Jul 2024 05 10
18 Jul 2024 06 10
18 Jul 2024 07 10
18 Jul 2024 08 10
18 Jul 2024 09 13
18 Jul 2024 10 10
18 Jul 2024 11 8
18 Jul 2024 12 5
18 Jul 2024 13 10
18 Jul 2024 14 4
18 Jul 2024 15 5
18 Jul 2024 16 6
18 Jul 2024 17 3
18 Jul 2024 18 3
18 Jul 2024 19 2
18 Jul 2024 20 3
18 Jul 2024 21 2
18 Jul 2024 22 3
18 Jul 2024 23 3
19 Jul 2024 00 2
19 Jul 2024 01 2
19 Jul 2024 02 5
19 Jul 2024 03 5
19 Jul 2024 04 8
19 Jul 2024 05 13
19 Jul 2024 06 6
19 Jul 2024 07 8
19 Jul 2024 08 6
19 Jul 2024 09 8
19 Jul 2024 10 8
19 Jul 2024 11 9
19 Jul 2024 12 5
19 Jul 2024 13 7
19 Jul 2024 14 5
19 Jul 2024 15 5
19 Jul 2024 16 3
19 Jul 2024 17 5
19 Jul 2024 18 4
19 Jul 2024 19 9
19 Jul 2024 20 2
19 Jul 2024 21 2
19 Jul 2024 22 2
19 Jul 2024 23 2
20 Jul 2024 00 2
20 Jul 2024 01 3
20 Jul 2024 02 3
20 Jul 2024 03 6
20 Jul 2024 04 2
20 Jul 2024 05 2
20 Jul 2024 06 2
20 Jul 2024 07 8
20 Jul 2024 08 3
20 Jul 2024 09 10
20 Jul 2024 10 4
20 Jul 2024 11 5
20 Jul 2024 12 4
20 Jul 2024 13 2
20 Jul 2024 14 4
20 Jul 2024 15 2
20 Jul 2024 16 3
20 Jul 2024 17 3
20 Jul 2024 18 2
20 Jul 2024 19 9
20 Jul 2024 20 3
20 Jul 2024 21 2
20 Jul 2024 22 2
20 Jul 2024 23 3
21 Jul 2024 00 2
21 Jul 2024 01 2
21 Jul 2024 02 3
21 Jul 2024 03 3
21 Jul 2024 04 7
21 Jul 2024 05 6
21 Jul 2024 06 14
21 Jul 2024 07 4
21 Jul 2024 08 4
21 Jul 2024 09 4
21 Jul 2024 10 4
21 Jul 2024 11 4
21 Jul 2024 12 5
21 Jul 2024 13 3
21 Jul 2024 14 7
21 Jul 2024 15 2
21 Jul 2024 16 2
21 Jul 2024 17 9
21 Jul 2024 18 3
21 Jul 2024 19 4
21 Jul 2024 20 2
21 Jul 2024 21 2
21 Jul 2024 22 9
21 Jul 2024 23 2
22 Jul 2024 00 2
22 Jul 2024 01 3
22 Jul 2024 02 8
22 Jul 2024 03 12
22 Jul 2024 04 13
22 Jul 2024 05 15
22 Jul 2024 06 11
22 Jul 2024 07 9
22 Jul 2024 08 11
22 Jul 2024 09 9
22 Jul 2024 10 6
22 Jul 2024 11 8
22 Jul 2024 12 3
22 Jul 2024 13 10
22 Jul 2024 14 6
22 Jul 2024 15 3
22 Jul 2024 16 3
22 Jul 2024 17 4
22 Jul 2024 18 3
22 Jul 2024 19 3
22 Jul 2024 20 2
22 Jul 2024 21 6
22 Jul 2024 22 3
22 Jul 2024 23 2
23 Jul 2024 00 2
23 Jul 2024 01 2
23 Jul 2024 02 2
23 Jul 2024 03 10
23 Jul 2024 04 9
23 Jul 2024 05 5
23 Jul 2024 06 8
23 Jul 2024 07 8
23 Jul 2024 08 10
23 Jul 2024 09 13
23 Jul 2024 10 14
23 Jul 2024 11 7
23 Jul 2024 12 3
23 Jul 2024 13 7
23 Jul 2024 14 10
23 Jul 2024 15 8
23 Jul 2024 16 9
23 Jul 2024 17 8
23 Jul 2024 18 2
23 Jul 2024 19 2
23 Jul 2024 20 2
23 Jul 2024 21 5
23 Jul 2024 22 3
23 Jul 2024 23 3
24 Jul 2024 00 3
24 Jul 2024 01 3
24 Jul 2024 02 8
24 Jul 2024 03 7
24 Jul 2024 04 9
24 Jul 2024 05 11
24 Jul 2024 06 11
24 Jul 2024 07 9
24 Jul 2024 08 8
24 Jul 2024 09 11
24 Jul 2024 10 10
24 Jul 2024 11 7
24 Jul 2024 12 2
24 Jul 2024 13 4
24 Jul 2024 14 2
24 Jul 2024 15 10
24 Jul 2024 16 4
24 Jul 2024 17 4
24 Jul 2024 18 3
24 Jul 2024 19 3
24 Jul 2024 20 3
24 Jul 2024 21 3
24 Jul 2024 22 3
24 Jul 2024 23 2
25 Jul 2024 00 2
25 Jul 2024 01 2
25 Jul 2024 02 8
25 Jul 2024 03 12
25 Jul 2024 04 8
25 Jul 2024 05 10
25 Jul 2024 06 10
25 Jul 2024 07 6
25 Jul 2024 08 11
25 Jul 2024 09 10
25 Jul 2024 10 11
25 Jul 2024 11 7
25 Jul 2024 12 4
25 Jul 2024 13 10
25 Jul 2024 14 2
25 Jul 2024 15 2
25 Jul 2024 16 2
25 Jul 2024 17 5
25 Jul 2024 18 7
25 Jul 2024 19 10
25 Jul 2024 20 2
25 Jul 2024 21 2
25 Jul 2024 22 2
25 Jul 2024 23 3
26 Jul 2024 00 3
26 Jul 2024 01 3
26 Jul 2024 02 2
26 Jul 2024 03 10
26 Jul 2024 04 10
26 Jul 2024 05 11
26 Jul 2024 06 13
26 Jul 2024 07 8
26 Jul 2024 08 10
26 Jul 2024 09 12
26 Jul 2024 10 6
26 Jul 2024 11 6
26 Jul 2024 12 5
26 Jul 2024 13 10
26 Jul 2024 14 6
26 Jul 2024 15 2
26 Jul 2024 16 2
26 Jul 2024 17 2
26 Jul 2024 18 2
26 Jul 2024 19 3
26 Jul 2024 20 2
26 Jul 2024 21 2
26 Jul 2024 22 2
26 Jul 2024 23 2
27 Jul 2024 00 2
27 Jul 2024 01 2
27 Jul 2024 02 2
27 Jul 2024 03 2
27 Jul 2024 04 2
27 Jul 2024 05 2
27 Jul 2024 06 6
27 Jul 2024 07 10
27 Jul 2024 08 10
27 Jul 2024 09 2
27 Jul 2024 10 2
27 Jul 2024 11 2
27 Jul 2024 12 2
27 Jul 2024 13 2
27 Jul 2024 14 2
27 Jul 2024 15 5
27 Jul 2024 16 9
27 Jul 2024 17 2
27 Jul 2024 18 2
27 Jul 2024 19 2
27 Jul 2024 20 2
27 Jul 2024 21 2
27 Jul 2024 22 2
27 Jul 2024 23 2
28 Jul 2024 00 2
28 Jul 2024 01 2
28 Jul 2024 02 2
28 Jul 2024 03 4
28 Jul 2024 04 2
28 Jul 2024 05 9
28 Jul 2024 06 2
28 Jul 2024 07 4
28 Jul 2024 08 9
28 Jul 2024 09 3
28 Jul 2024 10 4
28 Jul 2024 11 2
28 Jul 2024 12 2
28 Jul 2024 13 2
28 Jul 2024 14 5
28 Jul 2024 15 2
28 Jul 2024 16 7
28 Jul 2024 17 4
28 Jul 2024 18 2
28 Jul 2024 19 10
28 Jul 2024 20 2
28 Jul 2024 21 2
28 Jul 2024 22 2
28 Jul 2024 23 2
29 Jul 2024 00 2
29 Jul 2024 01 2
29 Jul 2024 02 6
29 Jul 2024 03 13
29 Jul 2024 04 10
29 Jul 2024 05 13
29 Jul 2024 06 7
29 Jul 2024 07 12
29 Jul 2024 08 10
29 Jul 2024 09 6
29 Jul 2024 10 5
29 Jul 2024 11 10
29 Jul 2024 12 5
29 Jul 2024 13 10
29 Jul 2024 14 10
29 Jul 2024 15 4
29 Jul 2024 16 4
29 Jul 2024 17 3
29 Jul 2024 18 4
29 Jul 2024 19 3
29 Jul 2024 20 3
29 Jul 2024 21 3
29 Jul 2024 22 3
29 Jul 2024 23 2
30 Jul 2024 00 3
30 Jul 2024 01 7
30 Jul 2024 02 8
30 Jul 2024 03 15
30 Jul 2024 04 13
30 Jul 2024 05 14
30 Jul 2024 06 11
30 Jul 2024 07 12
30 Jul 2024 08 8
30 Jul 2024 09 10
30 Jul 2024 10 11
30 Jul 2024 11 7
30 Jul 2024 12 7
30 Jul 2024 13 7
30 Jul 2024 14 9
30 Jul 2024 15 4
30 Jul 2024 16 10
30 Jul 2024 17 6
30 Jul 2024 18 6
30 Jul 2024 19 4
30 Jul 2024 20 3
30 Jul 2024 21 6
30 Jul 2024 22 2
30 Jul 2024 23 2
31 Jul 2024 00 2
31 Jul 2024 01 2
31 Jul 2024 02 4
31 Jul 2024 03 14
31 Jul 2024 04 13
31 Jul 2024 05 14
31 Jul 2024 06 9
31 Jul 2024 07 10
31 Jul 2024 08 9
31 Jul 2024 09 8
31 Jul 2024 10 6
31 Jul 2024 11 10
31 Jul 2024 12 9
31 Jul 2024 13 4
31 Jul 2024 14 4
31 Jul 2024 15 4
31 Jul 2024 16 4
31 Jul 2024 17 6
31 Jul 2024 18 4
31 Jul 2024 19 3
31 Jul 2024 20 2
31 Jul 2024 21 12
31 Jul 2024 22 3
31 Jul 2024 23 3
01 Aug 2024 00 2
01 Aug 2024 01 4
01 Aug 2024 02 5
01 Aug 2024 03 11
01 Aug 2024 04 9
01 Aug 2024 05 11
01 Aug 2024 06 10
01 Aug 2024 07 10
01 Aug 2024 08 13
01 Aug 2024 09 13
01 Aug 2024 10 12
01 Aug 2024 11 6
01 Aug 2024 12 5
01 Aug 2024 13 11
01 Aug 2024 14 12
01 Aug 2024 15 6
01 Aug 2024 16 5
01 Aug 2024 17 8
01 Aug 2024 18 4
01 Aug 2024 19 5
01 Aug 2024 20 2
01 Aug 2024 21 2
01 Aug 2024 22 2
01 Aug 2024 23 2
02 Aug 2024 00 2
02 Aug 2024 01 6
02 Aug 2024 02 14
02 Aug 2024 03 8
02 Aug 2024 04 14
02 Aug 2024 05 11
02 Aug 2024 06 6
02 Aug 2024 07 11
02 Aug 2024 08 6
02 Aug 2024 09 7
02 Aug 2024 10 10
02 Aug 2024 11 10
02 Aug 2024 12 13
02 Aug 2024 13 9
02 Aug 2024 14 9
02 Aug 2024 15 7
02 Aug 2024 16 6
02 Aug 2024 17 8
02 Aug 2024 18 4
02 Aug 2024 19 3
02 Aug 2024 20 3
02 Aug 2024 21 3
02 Aug 2024 22 3
02 Aug 2024 23 3
03 Aug 2024 00 3
03 Aug 2024 01 3
03 Aug 2024 02 3
03 Aug 2024 03 3
03 Aug 2024 04 5
03 Aug 2024 05 3
03 Aug 2024 06 2
03 Aug 2024 07 9
03 Aug 2024 08 3
03 Aug 2024 09 3
03 Aug 2024 10 3
03 Aug 2024 11 3
03 Aug 2024 12 3
03 Aug 2024 13 3
03 Aug 2024 14 9
03 Aug 2024 15 3
03 Aug 2024 16 10
03 Aug 2024 17 3
03 Aug 2024 18 3
03 Aug 2024 19 3
03 Aug 2024 20 3
03 Aug 2024 21 3
03 Aug 2024 22 3
03 Aug 2024 23 3
04 Aug 2024 00 2
04 Aug 2024 01 3
04 Aug 2024 02 3
04 Aug 2024 03 3
04 Aug 2024 04 3
04 Aug 2024 05 2
04 Aug 2024 06 2
04 Aug 2024 07 3
04 Aug 2024 08 3
04 Aug 2024 09 3
04 Aug 2024 10 3
04 Aug 2024 11 3
04 Aug 2024 12 6
04 Aug 2024 13 10
04 Aug 2024 14 4
04 Aug 2024 15 4
04 Aug 2024 16 3
04 Aug 2024 17 3
04 Aug 2024 18 3
04 Aug 2024 19 3
04 Aug 2024 20 3
04 Aug 2024 21 3
04 Aug 2024 22 3
04 Aug 2024 23 2
05 Aug 2024 00 2
05 Aug 2024 01 2
05 Aug 2024 02 11
05 Aug 2024 03 11
05 Aug 2024 04 11
05 Aug 2024 05 11
05 Aug 2024 06 8
05 Aug 2024 07 12
05 Aug 2024 08 13
05 Aug 2024 09 6
05 Aug 2024 10 10
05 Aug 2024 11 11
05 Aug 2024 12 13
05 Aug 2024 13 10
05 Aug 2024 14 6
05 Aug 2024 15 10
05 Aug 2024 16 10
05 Aug 2024 17 3
05 Aug 2024 18 3
05 Aug 2024 19 3
05 Aug 2024 20 4
05 Aug 2024 21 4
05 Aug 2024 22 2
05 Aug 2024 23 5
06 Aug 2024 00 2
06 Aug 2024 01 2
06 Aug 2024 02 6
06 Aug 2024 03 5
06 Aug 2024 04 3
06 Aug 2024 05 3
06 Aug 2024 06 5
06 Aug 2024 07 11
06 Aug 2024 08 12
06 Aug 2024 09 11
06 Aug 2024 10 11
06 Aug 2024 11 15
06 Aug 2024 12 10
06 Aug 2024 13 8
06 Aug 2024 14 10
06 Aug 2024 15 3
06 Aug 2024 16 8
06 Aug 2024 17 4
06 Aug 2024 18 2
06 Aug 2024 19 3
06 Aug 2024 20 2
06 Aug 2024 21 2
06 Aug 2024 22 5
06 Aug 2024 23 3
07 Aug 2024 00 2
07 Aug 2024 01 2
07 Aug 2024 02 8
07 Aug 2024 03 11
07 Aug 2024 04 12
07 Aug 2024 05 11
07 Aug 2024 06 10
07 Aug 2024 07 6
07 Aug 2024 08 11
07 Aug 2024 09 13
07 Aug 2024 10 10
07 Aug 2024 11 12
07 Aug 2024 12 9
07 Aug 2024 13 10
07 Aug 2024 14 5
07 Aug 2024 15 4
07 Aug 2024 16 6
07 Aug 2024 17 6
07 Aug 2024 18 2
07 Aug 2024 19 3
07 Aug 2024 20 3
07 Aug 2024 21 2
07 Aug 2024 22 2
07 Aug 2024 23 2
08 Aug 2024 00 2
08 Aug 2024 01 2
08 Aug 2024 02 9
08 Aug 2024 03 13
08 Aug 2024 04 10
08 Aug 2024 05 10
08 Aug 2024 06 11
08 Aug 2024 07 13
08 Aug 2024 08 13
08 Aug 2024 09 11
08 Aug 2024 10 10
08 Aug 2024 11 12
08 Aug 2024 12 8
08 Aug 2024 13 7
08 Aug 2024 14 11
08 Aug 2024 15 6
08 Aug 2024 16 6
08 Aug 2024 17 2
08 Aug 2024 18 2
08 Aug 2024 19 2
08 Aug 2024 20 2
08 Aug 2024 21 2
08 Aug 2024 22 2
08 Aug 2024 23 2
09 Aug 2024 00 2
09 Aug 2024 01 2
09 Aug 2024 02 11
09 Aug 2024 03 10
09 Aug 2024 04 15
09 Aug 2024 05 9
09 Aug 2024 06 8
09 Aug 2024 07 11
09 Aug 2024 08 10
09 Aug 2024 09 8
09 Aug 2024 10 9
09 Aug 2024 11 8
09 Aug 2024 12 5
09 Aug 2024 13 3
09 Aug 2024 14 4
09 Aug 2024 15 2
09 Aug 2024 16 4
09 Aug 2024 17 2
09 Aug 2024 18 2
09 Aug 2024 19 3
09 Aug 2024 20 2
09 Aug 2024 21 2
09 Aug 2024 22 2
09 Aug 2024 23 2
10 Aug 2024 00 2
10 Aug 2024 01 2
10 Aug 2024 02 2
10 Aug 2024 03 2
10 Aug 2024 04 2
10 Aug 2024 05 8
10 Aug 2024 06 2
10 Aug 2024 07 2
10 Aug 2024 08 2
10 Aug 2024 09 2
10 Aug 2024 10 2
10 Aug 2024 11 2
10 Aug 2024 12 2
10 Aug 2024 13 4
10 Aug 2024 14 5
10 Aug 2024 15 2
10 Aug 2024 16 2
10 Aug 2024 17 2
10 Aug 2024 18 2
10 Aug 2024 19 2
10 Aug 2024 20 2
10 Aug 2024 21 2
10 Aug 2024 22 2
10 Aug 2024 23 2
11 Aug 2024 00 2
11 Aug 2024 01 2
11 Aug 2024 02 2
11 Aug 2024 03 2
11 Aug 2024 04 2
11 Aug 2024 05 2
11 Aug 2024 06 2
11 Aug 2024 07 2
11 Aug 2024 08 2
11 Aug 2024 09 2
11 Aug 2024 10 12
11 Aug 2024 11 2
11 Aug 2024 12 2
11 Aug 2024 13 2
11 Aug 2024 14 2
11 Aug 2024 15 2
11 Aug 2024 16 2
11 Aug 2024 17 2
11 Aug 2024 18 2
11 Aug 2024 19 2
11 Aug 2024 20 2
11 Aug 2024 21 10
11 Aug 2024 22 4
11 Aug 2024 23 2
12 Aug 2024 00 2
12 Aug 2024 01 10
12 Aug 2024 02 6
12 Aug 2024 03 12
12 Aug 2024 04 11
12 Aug 2024 05 10
12 Aug 2024 06 11
12 Aug 2024 07 13
12 Aug 2024 08 12
12 Aug 2024 09 12
12 Aug 2024 10 13
12 Aug 2024 11 6
12 Aug 2024 12 10
12 Aug 2024 13 9
12 Aug 2024 14 8
12 Aug 2024 15 7
12 Aug 2024 16 10
12 Aug 2024 17 6
12 Aug 2024 18 2
12 Aug 2024 19 3
12 Aug 2024 20 2
12 Aug 2024 21 2
12 Aug 2024 22 2
12 Aug 2024 23 2
13 Aug 2024 00 3
13 Aug 2024 01 2
13 Aug 2024 02 4
13 Aug 2024 03 8
13 Aug 2024 04 5
13 Aug 2024 05 10
13 Aug 2024 06 11
13 Aug 2024 07 11
13 Aug 2024 08 6
13 Aug 2024 09 9
13 Aug 2024 10 9
13 Aug 2024 11 6
13 Aug 2024 12 2
13 Aug 2024 13 2
13 Aug 2024 14 5
13 Aug 2024 15 5
13 Aug 2024 16 12
13 Aug 2024 17 5
13 Aug 2024 18 2
13 Aug 2024 19 2
13 Aug 2024 20 4
13 Aug 2024 21 5
13 Aug 2024 22 2
13 Aug 2024 23 2
14 Aug 2024 00 2
14 Aug 2024 01 2
14 Aug 2024 02 4
14 Aug 2024 03 9
14 Aug 2024 04 12
14 Aug 2024 05 13
14 Aug 2024 06 4
14 Aug 2024 07 11
14 Aug 2024 08 9
14 Aug 2024 09 9
14 Aug 2024 10 10
14 Aug 2024 11 8
14 Aug 2024 12 11
14 Aug 2024 13 5
14 Aug 2024 14 7
14 Aug 2024 15 2
14 Aug 2024 16 2
14 Aug 2024 17 2
14 Aug 2024 18 2
14 Aug 2024 19 3
14 Aug 2024 20 4
14 Aug 2024 21 4
14 Aug 2024 22 2
14 Aug 2024 23 2
15 Aug 2024 00 2
15 Aug 2024 01 5
15 Aug 2024 02 2
15 Aug 2024 03 4
15 Aug 2024 04 13
15 Aug 2024 05 11
15 Aug 2024 06 10
15 Aug 2024 07 6
15 Aug 2024 08 11
15 Aug 2024 09 8
15 Aug 2024 10 11
15 Aug 2024 11 9
15 Aug 2024 12 5
15 Aug 2024 13 3
15 Aug 2024 14 7
15 Aug 2024 15 4
15 Aug 2024 16 2
15 Aug 2024 17 2
15 Aug 2024 18 2
15 Aug 2024 19 2
15 Aug 2024 20 2
15 Aug 2024 21 2
15 Aug 2024 22 2
15 Aug 2024 23 2
16 Aug 2024 00 2
16 Aug 2024 01 2
16 Aug 2024 02 20
16 Aug 2024 03 7
16 Aug 2024 04 10
16 Aug 2024 05 8
16 Aug 2024 06 6
16 Aug 2024 07 9
16 Aug 2024 08 10
16 Aug 2024 09 6
16 Aug 2024 10 11
16 Aug 2024 11 11
16 Aug 2024 12 2
16 Aug 2024 13 2
16 Aug 2024 14 2
16 Aug 2024 15 2
16 Aug 2024 16 2
16 Aug 2024 17 2
16 Aug 2024 18 2
16 Aug 2024 19 2
16 Aug 2024 20 2
16 Aug 2024 21 2
16 Aug 2024 22 2
16 Aug 2024 23 2
17 Aug 2024 00 2
17 Aug 2024 01 2
17 Aug 2024 02 2
17 Aug 2024 03 2
17 Aug 2024 04 2
17 Aug 2024 05 2
17 Aug 2024 06 2
17 Aug 2024 07 2
17 Aug 2024 08 2
17 Aug 2024 09 2
17 Aug 2024 10 2
17 Aug 2024 11 2
17 Aug 2024 12 2
17 Aug 2024 13 2
17 Aug 2024 14 2
17 Aug 2024 15 2
17 Aug 2024 16 2
17 Aug 2024 17 10
17 Aug 2024 18 2
17 Aug 2024 19 2
17 Aug 2024 20 2
17 Aug 2024 21 2
17 Aug 2024 22 2
17 Aug 2024 23 2
18 Aug 2024 00 2
18 Aug 2024 01 2
18 Aug 2024 02 3
18 Aug 2024 03 2
18 Aug 2024 04 2
18 Aug 2024 05 2
18 Aug 2024 06 2
18 Aug 2024 07 2
18 Aug 2024 08 2
18 Aug 2024 09 10
18 Aug 2024 10 2
18 Aug 2024 11 2
18 Aug 2024 12 3
18 Aug 2024 13 2
18 Aug 2024 14 9
18 Aug 2024 15 3
18 Aug 2024 16 2
18 Aug 2024 17 2
18 Aug 2024 18 2
18 Aug 2024 19 2
18 Aug 2024 20 2
18 Aug 2024 21 2
18 Aug 2024 22 2
18 Aug 2024 23 3
19 Aug 2024 00 2
19 Aug 2024 01 2
19 Aug 2024 02 2
19 Aug 2024 03 2
19 Aug 2024 04 2
19 Aug 2024 05 10
19 Aug 2024 06 2
19 Aug 2024 07 4
19 Aug 2024 08 2
19 Aug 2024 09 2
19 Aug 2024 10 4
19 Aug 2024 11 4
19 Aug 2024 12 3
19 Aug 2024 13 4
19 Aug 2024 14 4
19 Aug 2024 15 3
19 Aug 2024 16 2
19 Aug 2024 17 5
19 Aug 2024 18 2
19 Aug 2024 19 2
19 Aug 2024 20 2
19 Aug 2024 21 2
19 Aug 2024 22 2
19 Aug 2024 23 2
20 Aug 2024 00 2
20 Aug 2024 01 2
20 Aug 2024 02 5
20 Aug 2024 03 16
20 Aug 2024 04 12
20 Aug 2024 05 11
20 Aug 2024 06 11
20 Aug 2024 07 10
20 Aug 2024 08 13
20 Aug 2024 09 12
20 Aug 2024 10 8
20 Aug 2024 11 11
20 Aug 2024 12 5
20 Aug 2024 13 6
20 Aug 2024 14 2
20 Aug 2024 15 2
20 Aug 2024 16 9
20 Aug 2024 17 10
20 Aug 2024 18 2
20 Aug 2024 19 2
20 Aug 2024 20 2
20 Aug 2024 21 2
20 Aug 2024 22 3
20 Aug 2024 23 2
21 Aug 2024 00 2
21 Aug 2024 01 2
21 Aug 2024 02 5
21 Aug 2024 03 10
21 Aug 2024 04 9
21 Aug 2024 05 10
21 Aug 2024 06 6
21 Aug 2024 07 11
21 Aug 2024 08 8
21 Aug 2024 09 13
21 Aug 2024 10 9
21 Aug 2024 11 8
21 Aug 2024 12 6
21 Aug 2024 13 6
21 Aug 2024 14 4
21 Aug 2024 15 4
21 Aug 2024 16 5
21 Aug 2024 17 3
21 Aug 2024 18 2
21 Aug 2024 19 2
21 Aug 2024 20 2
21 Aug 2024 21 2
21 Aug 2024 22 1
21 Aug 2024 23 2
22 Aug 2024 00 2
22 Aug 2024 01 2
22 Aug 2024 02 3
22 Aug 2024 03 8
22 Aug 2024 04 11
22 Aug 2024 05 10
22 Aug 2024 06 10
22 Aug 2024 07 11
22 Aug 2024 08 9
22 Aug 2024 09 7
22 Aug 2024 10 9
22 Aug 2024 11 5
22 Aug 2024 12 11
22 Aug 2024 13 5
22 Aug 2024 14 9
22 Aug 2024 15 4
22 Aug 2024 16 10
22 Aug 2024 17 5
22 Aug 2024 18 2
22 Aug 2024 19 5
22 Aug 2024 20 5
22 Aug 2024 21 3
22 Aug 2024 22 3
22 Aug 2024 23 3
23 Aug 2024 00 3
23 Aug 2024 01 2
23 Aug 2024 02 6
23 Aug 2024 03 8
23 Aug 2024 04 12
23 Aug 2024 05 6
23 Aug 2024 06 5
23 Aug 2024 07 7
23 Aug 2024 08 5
23 Aug 2024 09 11
23 Aug 2024 10 10
23 Aug 2024 11 10
23 Aug 2024 12 4
23 Aug 2024 13 5
23 Aug 2024 14 10
23 Aug 2024 15 2
23 Aug 2024 16 7
23 Aug 2024 17 5
23 Aug 2024 18 2
23 Aug 2024 19 2
23 Aug 2024 20 2
23 Aug 2024 21 2
23 Aug 2024 22 2
23 Aug 2024 23 2
24 Aug 2024 00 2
24 Aug 2024 01 2
24 Aug 2024 02 2
24 Aug 2024 03 2
24 Aug 2024 04 2
24 Aug 2024 05 2
24 Aug 2024 06 2
24 Aug 2024 07 2
24 Aug 2024 08 2
24 Aug 2024 09 2
24 Aug 2024 10 2
24 Aug 2024 11 2
24 Aug 2024 12 2
24 Aug 2024 13 2
24 Aug 2024 14 4
24 Aug 2024 15 5
24 Aug 2024 16 4
24 Aug 2024 17 4
24 Aug 2024 18 2
24 Aug 2024 19 2
24 Aug 2024 20 2
24 Aug 2024 21 2
24 Aug 2024 22 2
24 Aug 2024 23 2
25 Aug 2024 00 2
25 Aug 2024 01 2
25 Aug 2024 02 2
25 Aug 2024 03 2
25 Aug 2024 04 2
25 Aug 2024 05 2
25 Aug 2024 06 2
25 Aug 2024 07 2
25 Aug 2024 08 2
25 Aug 2024 09 2
25 Aug 2024 10 2
25 Aug 2024 11 2
25 Aug 2024 12 2
25 Aug 2024 13 2
25 Aug 2024 14 2
25 Aug 2024 15 2
25 Aug 2024 16 2
25 Aug 2024 17 1
25 Aug 2024 18 2
25 Aug 2024 19 2
25 Aug 2024 20 2
25 Aug 2024 21 2
25 Aug 2024 22 2
25 Aug 2024 23 2
26 Aug 2024 00 2
26 Aug 2024 01 2
26 Aug 2024 02 11
26 Aug 2024 03 13
26 Aug 2024 04 11
26 Aug 2024 05 10
26 Aug 2024 06 9
26 Aug 2024 07 10
26 Aug 2024 08 9
26 Aug 2024 09 14
26 Aug 2024 10 6
26 Aug 2024 11 7
26 Aug 2024 12 5
26 Aug 2024 13 4
26 Aug 2024 14 6
26 Aug 2024 15 2
26 Aug 2024 16 4
26 Aug 2024 17 2
26 Aug 2024 18 2
26 Aug 2024 19 2
26 Aug 2024 20 2
26 Aug 2024 21 2
26 Aug 2024 22 2
26 Aug 2024 23 2
27 Aug 2024 00 2
27 Aug 2024 01 2
27 Aug 2024 02 5
27 Aug 2024 03 10
27 Aug 2024 04 5
27 Aug 2024 05 9
27 Aug 2024 06 11
27 Aug 2024 07 11
27 Aug 2024 08 10
27 Aug 2024 09 9
27 Aug 2024 10 9
27 Aug 2024 11 11
27 Aug 2024 12 9
27 Aug 2024 13 7
27 Aug 2024 14 6
27 Aug 2024 15 6
27 Aug 2024 16 6
27 Aug 2024 17 5
27 Aug 2024 18 2
27 Aug 2024 19 2
27 Aug 2024 20 2
27 Aug 2024 21 2
27 Aug 2024 22 2
27 Aug 2024 23 2
28 Aug 2024 00 2
28 Aug 2024 01 2
28 Aug 2024 02 4
28 Aug 2024 03 6
28 Aug 2024 04 15
28 Aug 2024 05 9
28 Aug 2024 06 5
28 Aug 2024 07 11
28 Aug 2024 08 11
28 Aug 2024 09 12
28 Aug 2024 10 10
28 Aug 2024 11 9
28 Aug 2024 12 5
28 Aug 2024 13 6
28 Aug 2024 14 5
28 Aug 2024 15 5
28 Aug 2024 16 6
28 Aug 2024 17 2
28 Aug 2024 18 2
28 Aug 2024 19 8
28 Aug 2024 20 12
28 Aug 2024 21 10
28 Aug 2024 22 3
28 Aug 2024 23 8
29 Aug 2024 00 2
29 Aug 2024 01 3
29 Aug 2024 02 5
29 Aug 2024 03 11
29 Aug 2024 04 14
29 Aug 2024 05 10
29 Aug 2024 06 3
29 Aug 2024 07 8
29 Aug 2024 08 10
29 Aug 2024 09 10
29 Aug 2024 10 10
29 Aug 2024 11 6
29 Aug 2024 12 10
29 Aug 2024 13 3
29 Aug 2024 14 5
29 Aug 2024 15 2
29 Aug 2024 16 2
29 Aug 2024 17 2
29 Aug 2024 18 4
29 Aug 2024 19 5
29 Aug 2024 20 3
29 Aug 2024 21 2
29 Aug 2024 22 2
29 Aug 2024 23 2
30 Aug 2024 00 2
30 Aug 2024 01 2
30 Aug 2024 02 4
30 Aug 2024 03 6
30 Aug 2024 04 12
30 Aug 2024 05 9
30 Aug 2024 06 5
30 Aug 2024 07 8
30 Aug 2024 08 13
30 Aug 2024 09 10
30 Aug 2024 10 9
30 Aug 2024 11 13
30 Aug 2024 12 5
30 Aug 2024 13 5
30 Aug 2024 14 3
30 Aug 2024 15 3
30 Aug 2024 16 3
30 Aug 2024 17 3
30 Aug 2024 18 2
30 Aug 2024 19 2
30 Aug 2024 20 2
30 Aug 2024 21 2
30 Aug 2024 22 2
30 Aug 2024 23 2
31 Aug 2024 00 2
31 Aug 2024 01 2
31 Aug 2024 02 2
31 Aug 2024 03 2
31 Aug 2024 04 2
31 Aug 2024 05 2
31 Aug 2024 06 2
31 Aug 2024 07 2
31 Aug 2024 08 2
31 Aug 2024 09 3
31 Aug 2024 10 2
31 Aug 2024 11 2
31 Aug 2024 12 2
31 Aug 2024 13 5
31 Aug 2024 14 3
31 Aug 2024 15 8
31 Aug 2024 16 5
31 Aug 2024 17 4
31 Aug 2024 18 2
31 Aug 2024 19 2
31 Aug 2024 20 2
31 Aug 2024 21 2
31 Aug 2024 22 3
31 Aug 2024 23 2
01 Sep 2024 00 2
01 Sep 2024 01 2
01 Sep 2024 02 2
01 Sep 2024 03 2
01 Sep 2024 04 2
01 Sep 2024 05 2
01 Sep 2024 06 2
01 Sep 2024 07 5
01 Sep 2024 08 2
01 Sep 2024 09 3
01 Sep 2024 10 8
01 Sep 2024 11 1
01 Sep 2024 12 2
01 Sep 2024 13 10
01 Sep 2024 14 7
01 Sep 2024 15 2
01 Sep 2024 16 2
01 Sep 2024 17 2
01 Sep 2024 18 2
01 Sep 2024 19 2
01 Sep 2024 20 2
01 Sep 2024 21 2
01 Sep 2024 22 2
01 Sep 2024 23 2
02 Sep 2024 00 2
02 Sep 2024 01 2
02 Sep 2024 02 5
02 Sep 2024 03 10
02 Sep 2024 04 10
02 Sep 2024 05 13
02 Sep 2024 06 5
02 Sep 2024 07 9
02 Sep 2024 08 14
02 Sep 2024 09 11
02 Sep 2024 10 12
02 Sep 2024 11 5
02 Sep 2024 12 4
02 Sep 2024 13 2
02 Sep 2024 14 5
02 Sep 2024 15 3
02 Sep 2024 16 3
02 Sep 2024 17 3
02 Sep 2024 18 2
02 Sep 2024 19 2
02 Sep 2024 20 2
02 Sep 2024 21 2
02 Sep 2024 22 2
02 Sep 2024 23 2
03 Sep 2024 00 2
03 Sep 2024 01 2
03 Sep 2024 02 2
03 Sep 2024 03 10
03 Sep 2024 04 8
03 Sep 2024 05 9
03 Sep 2024 06 8
03 Sep 2024 07 10
03 Sep 2024 08 9
03 Sep 2024 09 2
03 Sep 2024 10 8
03 Sep 2024 11 5
03 Sep 2024 12 2
03 Sep 2024 13 2
03 Sep 2024 14 2
03 Sep 2024 15 2
03 Sep 2024 16 3
03 Sep 2024 17 3
03 Sep 2024 18 4
03 Sep 2024 19 2
03 Sep 2024 20 2
03 Sep 2024 21 2
03 Sep 2024 22 2
03 Sep 2024 23 2
04 Sep 2024 00 1
04 Sep 2024 01 2
04 Sep 2024 02 1
04 Sep 2024 03 12
04 Sep 2024 04 15
04 Sep 2024 05 5
04 Sep 2024 06 6
04 Sep 2024 07 6
04 Sep 2024 08 6
04 Sep 2024 09 6
04 Sep 2024 10 9
04 Sep 2024 11 4
04 Sep 2024 12 4
04 Sep 2024 13 10
04 Sep 2024 14 2
04 Sep 2024 15 2
04 Sep 2024 16 3
04 Sep 2024 17 2
04 Sep 2024 18 2
04 Sep 2024 19 3
04 Sep 2024 20 2
04 Sep 2024 21 2
04 Sep 2024 22 2
04 Sep 2024 23 2
05 Sep 2024 00 2
05 Sep 2024 01 2
05 Sep 2024 02 2
05 Sep 2024 03 8
05 Sep 2024 04 11
05 Sep 2024 05 8
05 Sep 2024 06 10
05 Sep 2024 07 8
05 Sep 2024 08 9
05 Sep 2024 09 10
05 Sep 2024 10 13
05 Sep 2024 11 6
05 Sep 2024 12 3
05 Sep 2024 13 3
05 Sep 2024 14 2
05 Sep 2024 15 2
05 Sep 2024 16 11
05 Sep 2024 17 2
05 Sep 2024 18 2
05 Sep 2024 19 2
05 Sep 2024 20 10
05 Sep 2024 21 4
05 Sep 2024 22 2
05 Sep 2024 23 2
06 Sep 2024 00 2
06 Sep 2024 01 2
06 Sep 2024 02 2
06 Sep 2024 03 11
06 Sep 2024 04 11
06 Sep 2024 05 9
06 Sep 2024 06 11
06 Sep 2024 07 7
06 Sep 2024 08 5
06 Sep 2024 09 9
06 Sep 2024 10 9
06 Sep 2024 11 7
06 Sep 2024 12 3
06 Sep 2024 13 2
06 Sep 2024 14 9
06 Sep 2024 15 4
06 Sep 2024 16 2
06 Sep 2024 17 2
06 Sep 2024 18 2
06 Sep 2024 19 2
06 Sep 2024 20 2
06 Sep 2024 21 2
06 Sep 2024 22 2
06 Sep 2024 23 2
07 Sep 2024 00 1
07 Sep 2024 01 2
07 Sep 2024 02 3
07 Sep 2024 03 4
07 Sep 2024 04 2
07 Sep 2024 05 2
07 Sep 2024 06 2
07 Sep 2024 07 2
07 Sep 2024 08 2
07 Sep 2024 09 2
07 Sep 2024 10 2
07 Sep 2024 11 2
07 Sep 2024 12 2
07 Sep 2024 13 2
07 Sep 2024 14 2
07 Sep 2024 15 2
07 Sep 2024 16 2
07 Sep 2024 17 2
07 Sep 2024 18 2
07 Sep 2024 19 2
07 Sep 2024 20 2
07 Sep 2024 21 2
07 Sep 2024 22 2
07 Sep 2024 23 2
08 Sep 2024 00 2
08 Sep 2024 01 2
08 Sep 2024 02 3
08 Sep 2024 03 3
08 Sep 2024 04 2
08 Sep 2024 05 2
08 Sep 2024 06 5
08 Sep 2024 07 3
08 Sep 2024 08 2
08 Sep 2024 09 2
08 Sep 2024 10 2
08 Sep 2024 11 2
08 Sep 2024 12 2
08 Sep 2024 13 2
08 Sep 2024 14 11
08 Sep 2024 15 5
08 Sep 2024 16 5
08 Sep 2024 17 3
08 Sep 2024 18 3
08 Sep 2024 19 3
08 Sep 2024 20 3
08 Sep 2024 21 3
08 Sep 2024 22 3
08 Sep 2024 23 2
09 Sep 2024 00 2
09 Sep 2024 01 2
09 Sep 2024 02 5
09 Sep 2024 03 6
09 Sep 2024 04 14
09 Sep 2024 05 9
09 Sep 2024 06 4
09 Sep 2024 07 9
09 Sep 2024 08 7
09 Sep 2024 09 12
09 Sep 2024 10 12
09 Sep 2024 11 12
09 Sep 2024 12 5
09 Sep 2024 13 2
09 Sep 2024 14 2
09 Sep 2024 15 2
09 Sep 2024 16 2
09 Sep 2024 17 2
09 Sep 2024 18 2
09 Sep 2024 19 2
09 Sep 2024 20 2
09 Sep 2024 21 2
09 Sep 2024 22 2
09 Sep 2024 23 2
10 Sep 2024 00 2
10 Sep 2024 01 2
10 Sep 2024 02 2
10 Sep 2024 03 10
10 Sep 2024 04 13
10 Sep 2024 05 11
10 Sep 2024 06 4
10 Sep 2024 07 11
10 Sep 2024 08 9
10 Sep 2024 09 11
10 Sep 2024 10 11
10 Sep 2024 11 5
10 Sep 2024 12 4
10 Sep 2024 13 5
10 Sep 2024 14 10
10 Sep 2024 15 4
10 Sep 2024 16 3
10 Sep 2024 17 2
10 Sep 2024 18 2
10 Sep 2024 19 2
10 Sep 2024 20 2
10 Sep 2024 21 2
10 Sep 2024 22 2
10 Sep 2024 23 9
11 Sep 2024 00 2
11 Sep 2024 01 2
11 Sep 2024 02 6
11 Sep 2024 03 3
11 Sep 2024 04 12
11 Sep 2024 05 12
11 Sep 2024 06 4
11 Sep 2024 07 6
11 Sep 2024 08 3
11 Sep 2024 09 11
11 Sep 2024 10 5
11 Sep 2024 11 5
11 Sep 2024 12 2
11 Sep 2024 13 5
11 Sep 2024 14 3
11 Sep 2024 15 2
11 Sep 2024 16 2
11 Sep 2024 17 2
11 Sep 2024 18 4
11 Sep 2024 19 6
11 Sep 2024 20 5
11 Sep 2024 21 2
11 Sep 2024 22 2
11 Sep 2024 23 2
12 Sep 2024 00 3
12 Sep 2024 01 2
12 Sep 2024 02 2
12 Sep 2024 03 4
12 Sep 2024 04 10
12 Sep 2024 05 12
12 Sep 2024 06 5
12 Sep 2024 07 10
12 Sep 2024 08 5
12 Sep 2024 09 7
12 Sep 2024 10 5
12 Sep 2024 11 5
12 Sep 2024 12 3
12 Sep 2024 13 6
12 Sep 2024 14 5
12 Sep 2024 15 2
12 Sep 2024 16 4
12 Sep 2024 17 3
12 Sep 2024 18 3
12 Sep 2024 19 2
12 Sep 2024 20 3
12 Sep 2024 21 2
12 Sep 2024 22 3
12 Sep 2024 23 3
13 Sep 2024 00 2
13 Sep 2024 01 2
13 Sep 2024 02 8
13 Sep 2024 03 7
13 Sep 2024 04 4
13 Sep 2024 05 10
13 Sep 2024 06 7
13 Sep 2024 07 5
13 Sep 2024 08 6
13 Sep 2024 09 10
13 Sep 2024 10 11
13 Sep 2024 11 11
13 Sep 2024 12 4
13 Sep 2024 13 2
13 Sep 2024 14 11
13 Sep 2024 15 2
13 Sep 2024 16 11
13 Sep 2024 17 2
13 Sep 2024 18 2
13 Sep 2024 19 2
13 Sep 2024 20 2
13 Sep 2024 21 2
13 Sep 2024 22 2
13 Sep 2024 23 3
14 Sep 2024 00 2
14 Sep 2024 01 1
14 Sep 2024 02 2
14 Sep 2024 03 9
14 Sep 2024 04 2
14 Sep 2024 05 2
14 Sep 2024 06 2
14 Sep 2024 07 3
14 Sep 2024 08 2
14 Sep 2024 09 2
14 Sep 2024 10 2
14 Sep 2024 11 2
14 Sep 2024 12 2
14 Sep 2024 13 2
14 Sep 2024 14 7
14 Sep 2024 15 2
14 Sep 2024 16 2
14 Sep 2024 17 2
14 Sep 2024 18 2
14 Sep 2024 19 2
14 Sep 2024 20 2
14 Sep 2024 21 2
14 Sep 2024 22 2
14 Sep 2024 23 2
15 Sep 2024 00 2
15 Sep 2024 01 2
15 Sep 2024 02 2
15 Sep 2024 03 2
15 Sep 2024 04 2
15 Sep 2024 05 2
15 Sep 2024 06 2
15 Sep 2024 07 2
15 Sep 2024 08 1
15 Sep 2024 09 2
15 Sep 2024 10 2
15 Sep 2024 11 10
15 Sep 2024 12 2
15 Sep 2024 13 2
15 Sep 2024 14 2
15 Sep 2024 15 2
15 Sep 2024 16 2
15 Sep 2024 17 2
15 Sep 2024 18 2
15 Sep 2024 19 2
15 Sep 2024 20 2
15 Sep 2024 21 2
15 Sep 2024 22 2
15 Sep 2024 23 2
16 Sep 2024 00 1
16 Sep 2024 01 1
16 Sep 2024 02 2
16 Sep 2024 03 2
16 Sep 2024 04 9
16 Sep 2024 05 4
16 Sep 2024 06 2
16 Sep 2024 07 3
16 Sep 2024 08 3
16 Sep 2024 09 3
16 Sep 2024 10 3
16 Sep 2024 11 3
16 Sep 2024 12 3
16 Sep 2024 13 3
16 Sep 2024 14 3
16 Sep 2024 15 2
16 Sep 2024 16 2
16 Sep 2024 17 2
16 Sep 2024 18 2
16 Sep 2024 19 3
16 Sep 2024 20 2
16 Sep 2024 21 2
16 Sep 2024 22 2
16 Sep 2024 23 2
17 Sep 2024 00 2
17 Sep 2024 03 2
17 Sep 2024 04 2
17 Sep 2024 05 4
17 Sep 2024 06 2
17 Sep 2024 07 2
17 Sep 2024 08 2
17 Sep 2024 09 2
17 Sep 2024 10 9
17 Sep 2024 11 2
17 Sep 2024 12 2
17 Sep 2024 13 2
17 Sep 2024 14 2
17 Sep 2024 15 10
17 Sep 2024 16 3
17 Sep 2024 17 2
17 Sep 2024 18 4
17 Sep 2024 19 2
17 Sep 2024 20 2
17 Sep 2024 21 2
17 Sep 2024 22 2
17 Sep 2024 23 2
18 Sep 2024 00 2
18 Sep 2024 01 2
18 Sep 2024 02 9
18 Sep 2024 03 12
18 Sep 2024 04 14
18 Sep 2024 05 11
18 Sep 2024 06 11
18 Sep 2024 07 10
18 Sep 2024 08 6
18 Sep 2024 09 10
18 Sep 2024 10 10
18 Sep 2024 11 10
18 Sep 2024 12 5
18 Sep 2024 13 4
18 Sep 2024 14 2
18 Sep 2024 15 2
18 Sep 2024 16 2
18 Sep 2024 17 2
18 Sep 2024 18 2
18 Sep 2024 19 2
18 Sep 2024 20 2
18 Sep 2024 21 2
18 Sep 2024 22 2
18 Sep 2024 23 2
19 Sep 2024 00 2
19 Sep 2024 01 6
19 Sep 2024 02 9
19 Sep 2024 03 12
19 Sep 2024 04 12
19 Sep 2024 05 11
19 Sep 2024 06 13
19 Sep 2024 07 12
19 Sep 2024 08 7
19 Sep 2024 09 10
19 Sep 2024 10 10
19 Sep 2024 11 7
19 Sep 2024 12 3
19 Sep 2024 13 5
19 Sep 2024 14 3
19 Sep 2024 15 8
19 Sep 2024 16 10
19 Sep 2024 17 2
19 Sep 2024 18 2
19 Sep 2024 19 2
19 Sep 2024 20 2
19 Sep 2024 21 2
19 Sep 2024 22 2
19 Sep 2024 23 1
20 Sep 2024 00 1
20 Sep 2024 01 2
20 Sep 2024 02 2
20 Sep 2024 03 10
20 Sep 2024 04 10
20 Sep 2024 05 11
20 Sep 2024 06 13
20 Sep 2024 07 9
20 Sep 2024 08 9
20 Sep 2024 09 4
20 Sep 2024 10 5
20 Sep 2024 11 7
20 Sep 2024 12 6
20 Sep 2024 13 10
20 Sep 2024 14 10
20 Sep 2024 15 3
20 Sep 2024 16 5
20 Sep 2024 17 2
20 Sep 2024 18 2
20 Sep 2024 19 2
20 Sep 2024 20 2
20 Sep 2024 21 2
20 Sep 2024 22 2
20 Sep 2024 23 2
21 Sep 2024 00 2
21 Sep 2024 01 2
21 Sep 2024 02 2
21 Sep 2024 03 2
21 Sep 2024 04 2
21 Sep 2024 05 2
21 Sep 2024 06 2
21 Sep 2024 07 2
21 Sep 2024 08 2
21 Sep 2024 09 2
21 Sep 2024 10 2
21 Sep 2024 11 2
21 Sep 2024 12 2
21 Sep 2024 13 2
21 Sep 2024 14 2
21 Sep 2024 15 1
21 Sep 2024 16 1
21 Sep 2024 17 2
21 Sep 2024 18 2
21 Sep 2024 19 1
21 Sep 2024 20 2
21 Sep 2024 21 2
21 Sep 2024 22 2
21 Sep 2024 23 2
22 Sep 2024 00 2
22 Sep 2024 01 1
22 Sep 2024 02 2
22 Sep 2024 03 1
22 Sep 2024 04 2
22 Sep 2024 05 2
22 Sep 2024 06 1
22 Sep 2024 07 2
22 Sep 2024 08 2
22 Sep 2024 09 2
22 Sep 2024 10 2
22 Sep 2024 11 2
22 Sep 2024 12 2
22 Sep 2024 13 6
22 Sep 2024 14 2
22 Sep 2024 15 2
22 Sep 2024 16 2
22 Sep 2024 17 2
22 Sep 2024 18 2
22 Sep 2024 19 2
22 Sep 2024 20 2
22 Sep 2024 21 2
22 Sep 2024 22 2
22 Sep 2024 23 2
23 Sep 2024 00 2
23 Sep 2024 01 4
23 Sep 2024 02 4
23 Sep 2024 03 9
23 Sep 2024 04 15
23 Sep 2024 05 12
23 Sep 2024 06 3
23 Sep 2024 07 11
23 Sep 2024 08 9
23 Sep 2024 09 12
23 Sep 2024 10 12
23 Sep 2024 11 10
23 Sep 2024 12 8
23 Sep 2024 13 5
23 Sep 2024 14 4
23 Sep 2024 15 3
23 Sep 2024 16 1
23 Sep 2024 17 2
23 Sep 2024 18 2
23 Sep 2024 19 2
23 Sep 2024 20 2
23 Sep 2024 21 2
23 Sep 2024 22 2
23 Sep 2024 23 2
24 Sep 2024 00 2
24 Sep 2024 01 2
24 Sep 2024 02 4
24 Sep 2024 03 7
24 Sep 2024 04 10
24 Sep 2024 05 10
24 Sep 2024 06 11
24 Sep 2024 07 11
24 Sep 2024 08 11
24 Sep 2024 09 13
24 Sep 2024 10 12
24 Sep 2024 11 7
24 Sep 2024 12 3
24 Sep 2024 13 4
24 Sep 2024 14 2
24 Sep 2024 15 2
24 Sep 2024 16 2
24 Sep 2024 17 7
24 Sep 2024 18 2
24 Sep 2024 19 2
24 Sep 2024 20 2
24 Sep 2024 21 2
24 Sep 2024 22 2
24 Sep 2024 23 2
25 Sep 2024 00 2
25 Sep 2024 01 2
25 Sep 2024 02 10
25 Sep 2024 03 12
25 Sep 2024 04 13
25 Sep 2024 05 10
25 Sep 2024 06 12
25 Sep 2024 07 9
25 Sep 2024 08 11
25 Sep 2024 09 10
25 Sep 2024 10 11
25 Sep 2024 11 3
25 Sep 2024 12 2
25 Sep 2024 13 2
25 Sep 2024 14 2
25 Sep 2024 15 7
25 Sep 2024 16 3
25 Sep 2024 17 9
25 Sep 2024 18 2
25 Sep 2024 19 2
25 Sep 2024 20 2
25 Sep 2024 21 2
25 Sep 2024 22 2
25 Sep 2024 23 2
26 Sep 2024 00 2
26 Sep 2024 01 3
26 Sep 2024 02 3
26 Sep 2024 03 10
26 Sep 2024 04 10
26 Sep 2024 05 11
26 Sep 2024 06 4
26 Sep 2024 07 4
26 Sep 2024 08 5
26 Sep 2024 09 10
26 Sep 2024 10 6
26 Sep 2024 11 5
26 Sep 2024 12 4
26 Sep 2024 13 4
26 Sep 2024 14 2
26 Sep 2024 15 2
26 Sep 2024 16 4
26 Sep 2024 17 2
26 Sep 2024 18 2
26 Sep 2024 19 2
26 Sep 2024 20 2
26 Sep 2024 21 9
26 Sep 2024 22 2
26 Sep 2024 23 2
27 Sep 2024 00 2
27 Sep 2024 01 2
27 Sep 2024 02 11
27 Sep 2024 03 7
27 Sep 2024 04 14
27 Sep 2024 05 13
27 Sep 2024 06 4
27 Sep 2024 07 10
27 Sep 2024 08 16
27 Sep 2024 09 5
27 Sep 2024 10 10
27 Sep 2024 11 9
27 Sep 2024 12 3
27 Sep 2024 13 11
27 Sep 2024 14 2
27 Sep 2024 15 2
27 Sep 2024 16 2
27 Sep 2024 17 2
27 Sep 2024 18 2
27 Sep 2024 19 2
27 Sep 2024 20 2
27 Sep 2024 21 2
27 Sep 2024 22 6
27 Sep 2024 23 2
28 Sep 2024 00 2
28 Sep 2024 01 2
28 Sep 2024 02 2
28 Sep 2024 03 2
28 Sep 2024 04 2
28 Sep 2024 05 2
28 Sep 2024 06 2
28 Sep 2024 07 2
28 Sep 2024 08 2
28 Sep 2024 09 3
28 Sep 2024 10 2
28 Sep 2024 11 3
28 Sep 2024 12 2
28 Sep 2024 13 2
28 Sep 2024 14 2
28 Sep 2024 15 2
28 Sep 2024 16 2
28 Sep 2024 17 2
28 Sep 2024 18 2
28 Sep 2024 19 3
28 Sep 2024 20 2
28 Sep 2024 21 2
28 Sep 2024 22 2
28 Sep 2024 23 2
29 Sep 2024 00 2
29 Sep 2024 01 2
29 Sep 2024 02 2
29 Sep 2024 03 2
29 Sep 2024 04 3
29 Sep 2024 05 2
29 Sep 2024 06 2
29 Sep 2024 07 2
29 Sep 2024 08 2
29 Sep 2024 09 2
29 Sep 2024 10 2
29 Sep 2024 11 2
29 Sep 2024 12 10
29 Sep 2024 13 6
29 Sep 2024 14 2
29 Sep 2024 15 2
29 Sep 2024 16 2
29 Sep 2024 17 2
29 Sep 2024 18 6
29 Sep 2024 19 10
29 Sep 2024 20 2
29 Sep 2024 21 2
29 Sep 2024 22 2
29 Sep 2024 23 2
30 Sep 2024 00 2
30 Sep 2024 01 3
30 Sep 2024 02 7
30 Sep 2024 03 14
30 Sep 2024 04 11
30 Sep 2024 05 11
30 Sep 2024 06 10
30 Sep 2024 07 7
30 Sep 2024 08 14
30 Sep 2024 09 10
30 Sep 2024 10 5
30 Sep 2024 11 7
30 Sep 2024 12 8
30 Sep 2024 13 2
30 Sep 2024 14 2
30 Sep 2024 15 2
30 Sep 2024 16 14
30 Sep 2024 17 13
30 Sep 2024 18 5
30 Sep 2024 19 2
30 Sep 2024 20 1
30 Sep 2024 21 4
30 Sep 2024 22 2
30 Sep 2024 23 2
01 Oct 2024 00 2
01 Oct 2024 01 3
01 Oct 2024 02 8
01 Oct 2024 03 10
01 Oct 2024 04 10
01 Oct 2024 05 11
01 Oct 2024 06 11
01 Oct 2024 07 12
01 Oct 2024 08 11
01 Oct 2024 09 11
01 Oct 2024 10 13
01 Oct 2024 11 11
01 Oct 2024 12 2
01 Oct 2024 13 2
01 Oct 2024 14 2
01 Oct 2024 15 2
01 Oct 2024 16 2
01 Oct 2024 17 6
01 Oct 2024 18 2
01 Oct 2024 19 2
01 Oct 2024 20 2
01 Oct 2024 21 2
01 Oct 2024 22 2
01 Oct 2024 23 2
02 Oct 2024 00 2
02 Oct 2024 01 7
02 Oct 2024 02 6
02 Oct 2024 03 10
02 Oct 2024 04 10
02 Oct 2024 05 13
02 Oct 2024 06 10
02 Oct 2024 07 10
02 Oct 2024 08 6
02 Oct 2024 09 12
02 Oct 2024 10 9
02 Oct 2024 11 11
02 Oct 2024 12 5
02 Oct 2024 13 13
02 Oct 2024 14 2
02 Oct 2024 15 12
02 Oct 2024 16 2
02 Oct 2024 17 2
02 Oct 2024 18 2
02 Oct 2024 19 2
02 Oct 2024 20 7
02 Oct 2024 21 2
02 Oct 2024 22 2
02 Oct 2024 23 2
03 Oct 2024 00 2
03 Oct 2024 01 2
03 Oct 2024 02 8
03 Oct 2024 03 13
03 Oct 2024 04 11
03 Oct 2024 05 10
03 Oct 2024 06 8
03 Oct 2024 07 12
03 Oct 2024 08 12
03 Oct 2024 09 11
03 Oct 2024 10 8
03 Oct 2024 11 6
03 Oct 2024 12 1
03 Oct 2024 13 6
03 Oct 2024 14 10
03 Oct 2024 15 8
03 Oct 2024 16 10
03 Oct 2024 17 13
03 Oct 2024 18 4
03 Oct 2024 19 3
03 Oct 2024 20 3
03 Oct 2024 21 2
03 Oct 2024 22 2
03 Oct 2024 23 2
04 Oct 2024 00 2
04 Oct 2024 01 8
04 Oct 2024 02 12
04 Oct 2024 03 9
04 Oct 2024 04 11
04 Oct 2024 05 11
04 Oct 2024 06 7
04 Oct 2024 07 11
04 Oct 2024 08 9
04 Oct 2024 09 10
04 Oct 2024 10 6
04 Oct 2024 11 10
04 Oct 2024 12 2
04 Oct 2024 13 2
04 Oct 2024 14 8
04 Oct 2024 15 2
04 Oct 2024 16 2
04 Oct 2024 17 2
04 Oct 2024 18 2
04 Oct 2024 19 2
04 Oct 2024 20 2
04 Oct 2024 21 2
04 Oct 2024 22 2
04 Oct 2024 23 2
05 Oct 2024 00 2
05 Oct 2024 01 2
05 Oct 2024 02 2
05 Oct 2024 03 2
05 Oct 2024 04 2
05 Oct 2024 05 2
05 Oct 2024 06 1
05 Oct 2024 07 1
05 Oct 2024 08 1
05 Oct 2024 09 2
05 Oct 2024 10 2
05 Oct 2024 11 2
05 Oct 2024 12 2
05 Oct 2024 13 2
05 Oct 2024 14 2
05 Oct 2024 15 2
05 Oct 2024 16 2
05 Oct 2024 17 2
05 Oct 2024 18 2
05 Oct 2024 19 2
05 Oct 2024 20 2
05 Oct 2024 21 2
05 Oct 2024 22 2
05 Oct 2024 23 2
06 Oct 2024 00 2
06 Oct 2024 01 2
06 Oct 2024 02 2
06 Oct 2024 03 2
06 Oct 2024 04 1
06 Oct 2024 05 9
06 Oct 2024 06 1
06 Oct 2024 07 2
06 Oct 2024 08 2
06 Oct 2024 09 2
06 Oct 2024 10 2
06 Oct 2024 11 2
06 Oct 2024 12 2
06 Oct 2024 13 2
06 Oct 2024 14 10
06 Oct 2024 15 2
06 Oct 2024 16 2
06 Oct 2024 17 2
06 Oct 2024 18 2
06 Oct 2024 19 2
06 Oct 2024 20 2
06 Oct 2024 21 2
06 Oct 2024 22 2
06 Oct 2024 23 2
07 Oct 2024 00 1
07 Oct 2024 01 2
07 Oct 2024 02 1
07 Oct 2024 03 11
07 Oct 2024 04 9
07 Oct 2024 05 12
07 Oct 2024 06 9
07 Oct 2024 07 12
07 Oct 2024 08 11
07 Oct 2024 09 10
07 Oct 2024 10 11
07 Oct 2024 11 9
07 Oct 2024 12 6
07 Oct 2024 13 10
07 Oct 2024 14 3
07 Oct 2024 15 10
07 Oct 2024 16 11
07 Oct 2024 17 3
07 Oct 2024 18 2
07 Oct 2024 19 2
07 Oct 2024 20 2
07 Oct 2024 21 2
07 Oct 2024 22 2
07 Oct 2024 23 2
08 Oct 2024 00 2
08 Oct 2024 01 2
08 Oct 2024 02 9
08 Oct 2024 03 8
08 Oct 2024 04 11
08 Oct 2024 05 11
08 Oct 2024 06 12
08 Oct 2024 07 10
08 Oct 2024 08 11
08 Oct 2024 09 8
08 Oct 2024 10 10
08 Oct 2024 11 14
08 Oct 2024 12 2
08 Oct 2024 13 2
08 Oct 2024 14 6
08 Oct 2024 15 5
08 Oct 2024 16 3
08 Oct 2024 17 4
08 Oct 2024 18 2
08 Oct 2024 19 2
08 Oct 2024 20 2
08 Oct 2024 21 2
08 Oct 2024 22 2
08 Oct 2024 23 2
09 Oct 2024 00 2
09 Oct 2024 01 2
09 Oct 2024 02 5
09 Oct 2024 03 13
09 Oct 2024 04 9
09 Oct 2024 05 11
09 Oct 2024 06 5
09 Oct 2024 07 11
09 Oct 2024 08 7
09 Oct 2024 09 11
09 Oct 2024 10 12
09 Oct 2024 11 11
09 Oct 2024 12 10
09 Oct 2024 13 1
09 Oct 2024 14 2
09 Oct 2024 15 6
09 Oct 2024 16 4
09 Oct 2024 17 2
09 Oct 2024 18 1
09 Oct 2024 19 2
09 Oct 2024 20 2
09 Oct 2024 21 2
09 Oct 2024 22 2
09 Oct 2024 23 2
10 Oct 2024 00 2
10 Oct 2024 01 2
10 Oct 2024 02 9
10 Oct 2024 03 10
10 Oct 2024 04 12
10 Oct 2024 05 12
10 Oct 2024 06 12
10 Oct 2024 07 9
10 Oct 2024 08 10
10 Oct 2024 09 6
10 Oct 2024 10 6
10 Oct 2024 11 10
10 Oct 2024 12 4
10 Oct 2024 13 6
10 Oct 2024 14 11
10 Oct 2024 15 2
10 Oct 2024 16 2
10 Oct 2024 17 5
10 Oct 2024 18 5
10 Oct 2024 19 2
10 Oct 2024 20 1
10 Oct 2024 21 2
10 Oct 2024 22 2
10 Oct 2024 23 2
11 Oct 2024 00 2
11 Oct 2024 01 2
11 Oct 2024 02 3
11 Oct 2024 03 13
11 Oct 2024 04 11
11 Oct 2024 05 10
11 Oct 2024 06 7
11 Oct 2024 07 11
11 Oct 2024 08 7
11 Oct 2024 09 10
11 Oct 2024 10 11
11 Oct 2024 11 6
11 Oct 2024 12 5
11 Oct 2024 13 9
11 Oct 2024 14 5
11 Oct 2024 15 5
11 Oct 2024 16 9
11 Oct 2024 17 10
11 Oct 2024 18 2
11 Oct 2024 19 2
11 Oct 2024 20 2
11 Oct 2024 21 2
11 Oct 2024 22 2
11 Oct 2024 23 2
12 Oct 2024 00 2
12 Oct 2024 01 2
12 Oct 2024 02 2
12 Oct 2024 03 2
12 Oct 2024 04 2
12 Oct 2024 05 2
12 Oct 2024 06 2
12 Oct 2024 07 2
12 Oct 2024 08 2
12 Oct 2024 09 2
12 Oct 2024 10 9
12 Oct 2024 11 2
12 Oct 2024 12 2
12 Oct 2024 13 12
12 Oct 2024 14 7
12 Oct 2024 15 2
12 Oct 2024 16 2
12 Oct 2024 17 2
12 Oct 2024 18 2
12 Oct 2024 19 2
12 Oct 2024 20 3
12 Oct 2024 21 2
12 Oct 2024 22 2
12 Oct 2024 23 2
13 Oct 2024 00 2
13 Oct 2024 01 2
13 Oct 2024 02 3
13 Oct 2024 03 2
13 Oct 2024 04 2
13 Oct 2024 05 2
13 Oct 2024 06 2
13 Oct 2024 07 10
13 Oct 2024 08 2
13 Oct 2024 09 2
13 Oct 2024 10 2
13 Oct 2024 11 2
13 Oct 2024 12 2
13 Oct 2024 13 3
13 Oct 2024 14 2
13 Oct 2024 15 2
13 Oct 2024 16 2
13 Oct 2024 17 2
13 Oct 2024 18 2
13 Oct 2024 19 2
13 Oct 2024 20 2
13 Oct 2024 21 2
13 Oct 2024 22 2
13 Oct 2024 23 2
14 Oct 2024 00 2
14 Oct 2024 01 2
14 Oct 2024 02 2
14 Oct 2024 03 8
14 Oct 2024 04 11
14 Oct 2024 05 9
14 Oct 2024 06 9
14 Oct 2024 07 12
14 Oct 2024 08 12
14 Oct 2024 09 11
14 Oct 2024 10 11
14 Oct 2024 11 6
14 Oct 2024 12 4
14 Oct 2024 13 3
14 Oct 2024 14 2
14 Oct 2024 15 3
14 Oct 2024 16 2
14 Oct 2024 17 3
14 Oct 2024 18 2
14 Oct 2024 19 2
14 Oct 2024 20 2
14 Oct 2024 21 2
14 Oct 2024 22 2
14 Oct 2024 23 2
15 Oct 2024 00 2
15 Oct 2024 01 4
15 Oct 2024 02 10
15 Oct 2024 03 13
15 Oct 2024 04 8
15 Oct 2024 05 12
15 Oct 2024 06 10
15 Oct 2024 07 10
15 Oct 2024 08 6
15 Oct 2024 09 11
15 Oct 2024 10 7
15 Oct 2024 11 10
15 Oct 2024 12 2
15 Oct 2024 13 3
15 Oct 2024 14 2
15 Oct 2024 15 4
15 Oct 2024 16 6
15 Oct 2024 17 10
15 Oct 2024 18 2
15 Oct 2024 19 2
15 Oct 2024 20 2
15 Oct 2024 21 2
15 Oct 2024 22 2
15 Oct 2024 23 2
16 Oct 2024 00 2
16 Oct 2024 01 2
16 Oct 2024 02 2
16 Oct 2024 03 10
16 Oct 2024 04 13
16 Oct 2024 05 10
16 Oct 2024 06 15
16 Oct 2024 07 10
16 Oct 2024 08 12
16 Oct 2024 09 11
16 Oct 2024 10 9
16 Oct 2024 11 11
16 Oct 2024 12 12
16 Oct 2024 13 7
16 Oct 2024 14 2
16 Oct 2024 15 2
16 Oct 2024 16 10
16 Oct 2024 17 5
16 Oct 2024 18 3
16 Oct 2024 19 2
16 Oct 2024 20 2
16 Oct 2024 21 2
16 Oct 2024 22 2
16 Oct 2024 23 2
17 Oct 2024 00 2
17 Oct 2024 01 3
17 Oct 2024 02 2
17 Oct 2024 03 2
17 Oct 2024 04 2
17 Oct 2024 05 2
17 Oct 2024 06 2
17 Oct 2024 07 2
17 Oct 2024 08 2
17 Oct 2024 09 2
17 Oct 2024 10 2
17 Oct 2024 11 2
17 Oct 2024 12 2
17 Oct 2024 13 1
17 Oct 2024 14 2
17 Oct 2024 15 2
17 Oct 2024 16 2
17 Oct 2024 17 2
17 Oct 2024 18 2
17 Oct 2024 19 2
17 Oct 2024 20 2
17 Oct 2024 21 2
17 Oct 2024 22 3
17 Oct 2024 23 3
18 Oct 2024 00 3
18 Oct 2024 01 3
18 Oct 2024 02 5
18 Oct 2024 03 13
18 Oct 2024 04 11
18 Oct 2024 05 5
18 Oct 2024 06 9
18 Oct 2024 07 9
18 Oct 2024 08 8
18 Oct 2024 09 10
18 Oct 2024 10 15
18 Oct 2024 11 12
18 Oct 2024 12 6
18 Oct 2024 13 2
18 Oct 2024 14 2
18 Oct 2024 15 2
18 Oct 2024 16 2
18 Oct 2024 17 2
18 Oct 2024 18 2
18 Oct 2024 19 2
18 Oct 2024 20 2
18 Oct 2024 21 2
18 Oct 2024 22 2
18 Oct 2024 23 2
19 Oct 2024 00 2
19 Oct 2024 01 2
19 Oct 2024 02 2
19 Oct 2024 03 2
19 Oct 2024 04 2
19 Oct 2024 05 2
19 Oct 2024 06 2
19 Oct 2024 07 2
19 Oct 2024 08 2
19 Oct 2024 09 2
19 Oct 2024 10 2
19 Oct 2024 11 2
19 Oct 2024 12 2
19 Oct 2024 13 2
19 Oct 2024 14 2
19 Oct 2024 15 2
19 Oct 2024 16 2
19 Oct 2024 17 12
19 Oct 2024 18 7
19 Oct 2024 19 10
19 Oct 2024 20 4
19 Oct 2024 21 2
19 Oct 2024 22 2
19 Oct 2024 23 2
20 Oct 2024 00 1
20 Oct 2024 01 2
20 Oct 2024 02 2
20 Oct 2024 03 2
20 Oct 2024 04 2
20 Oct 2024 05 2
20 Oct 2024 06 2
20 Oct 2024 07 2
20 Oct 2024 08 2
20 Oct 2024 09 2
20 Oct 2024 10 2
20 Oct 2024 11 2
20 Oct 2024 12 2
20 Oct 2024 13 7
20 Oct 2024 14 2
20 Oct 2024 15 8
20 Oct 2024 16 2
20 Oct 2024 17 2
20 Oct 2024 18 2
20 Oct 2024 19 2
20 Oct 2024 20 2
20 Oct 2024 21 2
20 Oct 2024 22 2
20 Oct 2024 23 2
21 Oct 2024 00 2
21 Oct 2024 01 2
21 Oct 2024 02 2
21 Oct 2024 03 6
21 Oct 2024 04 14
21 Oct 2024 05 13
21 Oct 2024 06 6
21 Oct 2024 07 11
21 Oct 2024 08 7
21 Oct 2024 09 9
21 Oct 2024 10 11
21 Oct 2024 11 6
21 Oct 2024 12 4
21 Oct 2024 13 2
21 Oct 2024 14 5
21 Oct 2024 15 2
21 Oct 2024 16 2
21 Oct 2024 17 2
21 Oct 2024 18 7
21 Oct 2024 19 2
21 Oct 2024 20 2
21 Oct 2024 21 2
21 Oct 2024 22 2
21 Oct 2024 23 2
22 Oct 2024 00 7
22 Oct 2024 01 3
22 Oct 2024 02 8
22 Oct 2024 03 11
22 Oct 2024 04 7
22 Oct 2024 05 12
22 Oct 2024 06 8
22 Oct 2024 07 8
22 Oct 2024 08 10
22 Oct 2024 09 8
22 Oct 2024 10 10
22 Oct 2024 11 8
22 Oct 2024 12 3
22 Oct 2024 13 2
22 Oct 2024 14 5
22 Oct 2024 15 4
22 Oct 2024 16 2
22 Oct 2024 17 2
22 Oct 2024 18 3
22 Oct 2024 19 3
22 Oct 2024 20 2
22 Oct 2024 21 2
22 Oct 2024 22 2
22 Oct 2024 23 2
23 Oct 2024 00 2
23 Oct 2024 01 2
23 Oct 2024 02 1
23 Oct 2024 03 11
23 Oct 2024 04 14
23 Oct 2024 05 12
23 Oct 2024 06 6
23 Oct 2024 07 7
23 Oct 2024 08 10
23 Oct 2024 09 13
23 Oct 2024 10 11
23 Oct 2024 11 9
23 Oct 2024 12 3
23 Oct 2024 13 9
23 Oct 2024 14 5
23 Oct 2024 15 11
23 Oct 2024 16 4
23 Oct 2024 17 4
23 Oct 2024 18 2
23 Oct 2024 19 2
23 Oct 2024 20 2
23 Oct 2024 21 2
23 Oct 2024 22 2
23 Oct 2024 23 2
24 Oct 2024 00 2
24 Oct 2024 01 2
24 Oct 2024 02 9
24 Oct 2024 03 11
24 Oct 2024 04 9
24 Oct 2024 05 12
24 Oct 2024 06 9
24 Oct 2024 07 8
24 Oct 2024 08 11
24 Oct 2024 09 11
24 Oct 2024 10 10
24 Oct 2024 11 10
24 Oct 2024 12 3
24 Oct 2024 13 2
24 Oct 2024 14 2
24 Oct 2024 15 5
24 Oct 2024 16 2
24 Oct 2024 17 2
24 Oct 2024 18 3
24 Oct 2024 19 2
24 Oct 2024 20 2
24 Oct 2024 21 3
24 Oct 2024 22 3
24 Oct 2024 23 2
25 Oct 2024 00 2
25 Oct 2024 01 2
25 Oct 2024 02 2
25 Oct 2024 03 5
25 Oct 2024 04 10
25 Oct 2024 05 15
25 Oct 2024 06 2
25 Oct 2024 07 13
25 Oct 2024 08 5
25 Oct 2024 09 12
25 Oct 2024 10 9
25 Oct 2024 11 9
25 Oct 2024 12 5
25 Oct 2024 13 11
25 Oct 2024 14 4
25 Oct 2024 15 3
25 Oct 2024 16 2
25 Oct 2024 17 2
25 Oct 2024 18 2
25 Oct 2024 19 2
25 Oct 2024 20 2
25 Oct 2024 21 2
25 Oct 2024 22 2
25 Oct 2024 23 2
26 Oct 2024 00 2
26 Oct 2024 01 2
26 Oct 2024 02 2
26 Oct 2024 03 2
26 Oct 2024 04 2
26 Oct 2024 05 2
26 Oct 2024 06 1
26 Oct 2024 07 2
26 Oct 2024 08 2
26 Oct 2024 09 2
26 Oct 2024 10 2
26 Oct 2024 11 2
26 Oct 2024 12 1
26 Oct 2024 13 2
26 Oct 2024 14 2
26 Oct 2024 15 2
26 Oct 2024 16 2
26 Oct 2024 17 1
26 Oct 2024 18 2
26 Oct 2024 19 2
26 Oct 2024 20 1
26 Oct 2024 21 2
26 Oct 2024 22 2
26 Oct 2024 23 2
27 Oct 2024 00 2
27 Oct 2024 01 2
27 Oct 2024 02 2
27 Oct 2024 03 2
27 Oct 2024 04 1
27 Oct 2024 05 2
27 Oct 2024 06 2
27 Oct 2024 07 2
27 Oct 2024 08 2
27 Oct 2024 09 2
27 Oct 2024 10 2
27 Oct 2024 11 2
27 Oct 2024 12 1
27 Oct 2024 13 1
27 Oct 2024 14 2
27 Oct 2024 15 10
27 Oct 2024 16 8
27 Oct 2024 17 5
27 Oct 2024 18 3
27 Oct 2024 19 2
27 Oct 2024 20 2
27 Oct 2024 21 2
27 Oct 2024 22 2
27 Oct 2024 23 2
28 Oct 2024 00 2
28 Oct 2024 01 2
28 Oct 2024 02 2
28 Oct 2024 03 10
28 Oct 2024 04 11
28 Oct 2024 05 11
28 Oct 2024 06 11
28 Oct 2024 07 10
28 Oct 2024 08 7
28 Oct 2024 09 9
28 Oct 2024 10 10
28 Oct 2024 11 11
28 Oct 2024 12 5
28 Oct 2024 13 4
28 Oct 2024 14 5
28 Oct 2024 15 4
28 Oct 2024 16 2
28 Oct 2024 17 2
28 Oct 2024 18 2
28 Oct 2024 19 2
28 Oct 2024 20 2
28 Oct 2024 21 2
28 Oct 2024 22 7
28 Oct 2024 23 2
29 Oct 2024 00 2
29 Oct 2024 01 2
29 Oct 2024 02 3
29 Oct 2024 03 9
29 Oct 2024 04 11
29 Oct 2024 05 9
29 Oct 2024 06 2
29 Oct 2024 07 13
29 Oct 2024 08 10
29 Oct 2024 09 3
29 Oct 2024 10 9
29 Oct 2024 11 5
29 Oct 2024 12 2
29 Oct 2024 13 2
29 Oct 2024 14 2
29 Oct 2024 15 5
29 Oct 2024 16 3
29 Oct 2024 17 3
29 Oct 2024 18 2
29 Oct 2024 19 2
29 Oct 2024 20 2
29 Oct 2024 21 2
29 Oct 2024 22 2
29 Oct 2024 23 3
30 Oct 2024 00 3
30 Oct 2024 01 2
30 Oct 2024 02 9
30 Oct 2024 03 7
30 Oct 2024 04 10
30 Oct 2024 05 10
30 Oct 2024 06 9
30 Oct 2024 07 5
30 Oct 2024 08 5
30 Oct 2024 09 7
30 Oct 2024 10 9
30 Oct 2024 11 12
30 Oct 2024 12 9
30 Oct 2024 13 7
30 Oct 2024 14 3
30 Oct 2024 15 4
30 Oct 2024 16 3
30 Oct 2024 17 2
30 Oct 2024 18 2
30 Oct 2024 19 2
30 Oct 2024 20 2
30 Oct 2024 21 2
30 Oct 2024 22 2
30 Oct 2024 23 2
31 Oct 2024 00 10
31 Oct 2024 01 3
31 Oct 2024 02 4
31 Oct 2024 03 13
31 Oct 2024 04 11
31 Oct 2024 05 10
31 Oct 2024 06 13
31 Oct 2024 07 12
31 Oct 2024 08 12
31 Oct 2024 09 7
31 Oct 2024 10 7
31 Oct 2024 11 7
31 Oct 2024 12 3
31 Oct 2024 13 10
31 Oct 2024 14 2
31 Oct 2024 15 8
31 Oct 2024 16 6
31 Oct 2024 17 5
31 Oct 2024 18 2
31 Oct 2024 19 2
31 Oct 2024 20 2
31 Oct 2024 21 2
31 Oct 2024 22 2
31 Oct 2024 23 2
01 Nov 2024 00 2
01 Nov 2024 01 2
01 Nov 2024 02 8
01 Nov 2024 03 11
01 Nov 2024 04 5
01 Nov 2024 05 7
01 Nov 2024 06 2
01 Nov 2024 07 2
01 Nov 2024 08 3
01 Nov 2024 09 12
01 Nov 2024 10 4
01 Nov 2024 11 4
01 Nov 2024 12 2
01 Nov 2024 13 2
01 Nov 2024 14 2
01 Nov 2024 15 3
01 Nov 2024 16 10
01 Nov 2024 17 3
01 Nov 2024 18 2
01 Nov 2024 19 4
01 Nov 2024 20 2
01 Nov 2024 21 2
01 Nov 2024 22 2
01 Nov 2024 23 2
02 Nov 2024 00 2
02 Nov 2024 01 2
02 Nov 2024 02 2
02 Nov 2024 03 13
02 Nov 2024 04 2
02 Nov 2024 05 2
02 Nov 2024 06 2
02 Nov 2024 07 2
02 Nov 2024 08 2
02 Nov 2024 09 2
02 Nov 2024 10 2
02 Nov 2024 11 2
02 Nov 2024 12 2
02 Nov 2024 13 2
02 Nov 2024 14 9
02 Nov 2024 15 2
02 Nov 2024 16 5
02 Nov 2024 17 2
02 Nov 2024 18 2
02 Nov 2024 19 2
02 Nov 2024 20 2
02 Nov 2024 21 2
02 Nov 2024 22 2
02 Nov 2024 23 2
03 Nov 2024 00 2
03 Nov 2024 01 2
03 Nov 2024 02 4
03 Nov 2024 03 2
03 Nov 2024 04 2
03 Nov 2024 05 2
03 Nov 2024 06 2
03 Nov 2024 07 2
03 Nov 2024 08 2
03 Nov 2024 09 2
03 Nov 2024 10 2
03 Nov 2024 11 2
03 Nov 2024 12 2
03 Nov 2024 13 2
03 Nov 2024 14 2
03 Nov 2024 15 2
03 Nov 2024 16 2
03 Nov 2024 17 2
03 Nov 2024 18 2
03 Nov 2024 19 2
03 Nov 2024 20 2
03 Nov 2024 21 2
03 Nov 2024 22 2
03 Nov 2024 23 2
04 Nov 2024 00 2
04 Nov 2024 01 2
04 Nov 2024 02 6
04 Nov 2024 03 6
04 Nov 2024 04 11
04 Nov 2024 05 11
04 Nov 2024 06 9
04 Nov 2024 07 7
04 Nov 2024 08 3
04 Nov 2024 09 8
04 Nov 2024 10 4
04 Nov 2024 11 3
04 Nov 2024 12 10
04 Nov 2024 13 2
04 Nov 2024 14 2
04 Nov 2024 15 3
04 Nov 2024 16 6
04 Nov 2024 17 5
04 Nov 2024 18 3
04 Nov 2024 19 3
04 Nov 2024 20 3
04 Nov 2024 21 2
04 Nov 2024 22 3
04 Nov 2024 23 3
05 Nov 2024 00 2
05 Nov 2024 01 2
05 Nov 2024 02 2
05 Nov 2024 03 11
05 Nov 2024 04 12
05 Nov 2024 05 10
05 Nov 2024 06 7
05 Nov 2024 07 5
05 Nov 2024 08 12
05 Nov 2024 09 6
05 Nov 2024 10 11
05 Nov 2024 11 7
05 Nov 2024 12 6
05 Nov 2024 13 5
05 Nov 2024 14 7
05 Nov 2024 15 2
05 Nov 2024 16 2
05 Nov 2024 17 2
05 Nov 2024 18 2
05 Nov 2024 19 2
05 Nov 2024 20 2
05 Nov 2024 21 2
05 Nov 2024 22 2
05 Nov 2024 23 2
06 Nov 2024 00 1
06 Nov 2024 01 1
06 Nov 2024 02 2
06 Nov 2024 03 11
06 Nov 2024 04 15
06 Nov 2024 05 11
06 Nov 2024 06 11
06 Nov 2024 07 8
06 Nov 2024 08 9
06 Nov 2024 09 8
06 Nov 2024 10 11
06 Nov 2024 11 7
06 Nov 2024 12 3
06 Nov 2024 13 2
06 Nov 2024 14 2
06 Nov 2024 15 5
06 Nov 2024 16 2
06 Nov 2024 17 2
06 Nov 2024 18 2
06 Nov 2024 19 2
06 Nov 2024 20 2
06 Nov 2024 21 2
06 Nov 2024 22 2
06 Nov 2024 23 2
07 Nov 2024 00 2
07 Nov 2024 01 2
07 Nov 2024 02 2
07 Nov 2024 03 9
07 Nov 2024 04 11
07 Nov 2024 05 11
07 Nov 2024 06 8
07 Nov 2024 07 9
07 Nov 2024 08 10
07 Nov 2024 09 11
07 Nov 2024 10 13
07 Nov 2024 11 13
07 Nov 2024 12 10
07 Nov 2024 13 8
07 Nov 2024 14 10
07 Nov 2024 15 11
07 Nov 2024 16 2
07 Nov 2024 17 11
07 Nov 2024 18 2
07 Nov 2024 19 9
07 Nov 2024 20 10
07 Nov 2024 21 2
07 Nov 2024 22 2
07 Nov 2024 23 2
08 Nov 2024 00 2
08 Nov 2024 01 2
08 Nov 2024 02 10
08 Nov 2024 03 10
08 Nov 2024 04 12
08 Nov 2024 05 10
08 Nov 2024 06 12
08 Nov 2024 07 10
08 Nov 2024 08 13
08 Nov 2024 09 9
08 Nov 2024 10 10
08 Nov 2024 11 10
08 Nov 2024 12 5
08 Nov 2024 13 2
08 Nov 2024 14 7
08 Nov 2024 15 5
08 Nov 2024 16 8
08 Nov 2024 17 2
08 Nov 2024 18 2
08 Nov 2024 19 2
08 Nov 2024 20 3
08 Nov 2024 21 3
08 Nov 2024 22 3
08 Nov 2024 23 3
09 Nov 2024 00 2
09 Nov 2024 01 3
09 Nov 2024 02 3
09 Nov 2024 03 3
09 Nov 2024 04 3
09 Nov 2024 05 3
09 Nov 2024 06 3
09 Nov 2024 07 3
09 Nov 2024 08 2
09 Nov 2024 09 2
09 Nov 2024 10 2
09 Nov 2024 11 3
09 Nov 2024 12 2
09 Nov 2024 13 3
09 Nov 2024 14 3
09 Nov 2024 15 3
09 Nov 2024 16 3
09 Nov 2024 17 3
