08 Jul 2024 12
08 Jul 2024 12
08 Jul 2024 120
09 Jul 2024 12
10 Jul 2024 16
11 Jul 2024 13
12 Jul 2024 14
13 Jul 2024 10
14 Jul 2024 11
15 Jul 2024 17
16 Jul 2024 12
17 Jul 2024 16
18 Jul 2024 13
19 Jul 2024 13
20 Jul 2024 10
21 Jul 2024 14
22 Jul 2024 15
23 Jul 2024 14
24 Jul 2024 11
25 Jul 2024 12
26 Jul 2024 13
27 Jul 2024 10
28 Jul 2024 9
29 Jul 2024 13
30 Jul 2024 15
31 Jul 2024 14
01 Aug 2024 13
02 Aug 2024 14
03 Aug 2024 10
04 Aug 2024 10
05 Aug 2024 13
06 Aug 2024 15
07 Aug 2024 13
08 Aug 2024 13
09 Aug 2024 15
10 Aug 2024 8
11 Aug 2024 12
12 Aug 2024 13
13 Aug 2024 12
14 Aug 2024 13
15 Aug 2024 13
16 Aug 2024 20
17 Aug 2024 10
18 Aug 2024 10
19 Aug 2024 10
20 Aug 2024 16
21 Aug 2024 13
22 Aug 2024 11
23 Aug 2024 12
24 Aug 2024 5
25 Aug 2024 2
26 Aug 2024 14
27 Aug 2024 11
28 Aug 2024 15
29 Aug 2024 14
30 Aug 2024 13
31 Aug 2024 8
01 Sep 2024 10
02 Sep 2024 14
03 Sep 2024 10
04 Sep 2024 15
05 Sep 2024 13
06 Sep 2024 11
07 Sep 2024 4
08 Sep 2024 11
09 Sep 2024 14
10 Sep 2024 13
11 Sep 2024 12
12 Sep 2024 12
13 Sep 2024 11
14 Sep 2024 9
15 Sep 2024 10
16 Sep 2024 9
17 Sep 2024 10
18 Sep 2024 14
19 Sep 2024 13
20 Sep 2024 13
21 Sep 2024 2
22 Sep 2024 6
23 Sep 2024 15
24 Sep 2024 13
25 Sep 2024 13
26 Sep 2024 11
27 Sep 2024 16
28 Sep 2024 6
29 Sep 2024 10
30 Sep 2024 14
01 Oct 2024 13
02 Oct 2024 13
03 Oct 2024 13
04 Oct 2024 12
05 Oct 2024 2
06 Oct 2024 10
07 Oct 2024 12
08 Oct 2024 14
09 Oct 2024 13
10 Oct 2024 12
11 Oct 2024 13
12 Oct 2024 12
13 Oct 2024 10
14 Oct 2024 12
15 Oct 2024 13
16 Oct 2024 15
17 Oct 2024 3
18 Oct 2024 15
19 Oct 2024 12
20 Oct 2024 10
21 Oct 2024 14
22 Oct 2024 12
23 Oct 2024 14
24 Oct 2024 12
25 Oct 2024 15
26 Oct 2024 2
27 Oct 2024 10
28 Oct 2024 11
29 Oct 2024 13
30 Oct 2024 12
31 Oct 2024 13
01 Nov 2024 12
02 Nov 2024 13
03 Nov 2024 4
04 Nov 2024 11
05 Nov 2024 12
06 Nov 2024 15
07 Nov 2024 13
08 Nov 2024 13
09 Nov 2024 3
10 Nov 2024 11
11 Nov 2024 16
12 Nov 2024 13
13 Nov 2024 14
14 Nov 2024 12
15 Nov 2024 9
16 Nov 2024 11
17 Nov 2024 9
18 Nov 2024 11
19 Nov 2024 12
20 Nov 2024 11
21 Nov 2024 15
22 Nov 2024 12
23 Nov 2024 3
